<?xml version="1.0" encoding="UTF-8"?>
<!-- Generated by org.testng.reporters.JUnitReportReporter -->
<testsuite skipped="0" hostname="ESMDLT0040" name="run.DeclinedPaymentOnBooking" tests="2" failures="0" timestamp="01 Feb 2018 14:04:45 GMT" time="112.353" errors="2">
  <testcase name="runTest" time="109.949" classname="run.DeclinedPaymentOnBooking">
    <error type="java.lang.StackOverflowError">
      <![CDATA[java.lang.StackOverflowError
	at run.DeclinedPaymentOnBooking.runTest(DeclinedPaymentOnBooking.java:54)
	at run.DeclinedPaymentOnBooking.runTest(DeclinedPaymentOnBooking.java:54)
	at run.DeclinedPaymentOnBooking.runTest(DeclinedPaymentOnBooking.java:54)
	at run.DeclinedPaymentOnBooking.runTest(DeclinedPaymentOnBooking.java:54)
	at run.DeclinedPaymentOnBooking.runTest(DeclinedPaymentOnBooking.java:54)
	at run.DeclinedPaymentOnBooking.runTest(DeclinedPaymentOnBooking.java:54)
	at run.DeclinedPaymentOnBooking.runTest(DeclinedPaymentOnBooking.java:54)
	at run.DeclinedPaymentOnBooking.runTest(DeclinedPaymentOnBooking.java:54)
	at run.DeclinedPaymentOnBooking.runTest(DeclinedPaymentOnBooking.java:54)
	at run.DeclinedPaymentOnBooking.runTest(DeclinedPaymentOnBooking.java:54)
	at run.DeclinedPaymentOnBooking.runTest(DeclinedPaymentOnBooking.java:54)
	at run.DeclinedPaymentOnBooking.runTest(DeclinedPaymentOnBooking.java:54)
	at run.DeclinedPaymentOnBooking.runTest(DeclinedPaymentOnBooking.java:54)
	at run.DeclinedPaymentOnBooking.runTest(DeclinedPaymentOnBooking.java:54)
	at run.DeclinedPaymentOnBooking.runTest(DeclinedPaymentOnBooking.java:54)
	at run.DeclinedPaymentOnBooking.runTest(DeclinedPaymentOnBooking.java:54)
	at run.DeclinedPaymentOnBooking.runTest(DeclinedPaymentOnBooking.java:54)
	at run.DeclinedPaymentOnBooking.runTest(DeclinedPaymentOnBooking.java:54)
	at run.DeclinedPaymentOnBooking.runTest(DeclinedPaymentOnBooking.java:54)
	at run.DeclinedPaymentOnBooking.runTest(DeclinedPaymentOnBooking.java:54)
	at run.DeclinedPaymentOnBooking.runTest(DeclinedPaymentOnBooking.java:54)
	at run.DeclinedPaymentOnBooking.runTest(DeclinedPaymentOnBooking.java:54)
	at run.DeclinedPaymentOnBooking.runTest(DeclinedPaymentOnBooking.java:54)
	at run.DeclinedPaymentOnBooking.runTest(DeclinedPaymentOnBooking.java:54)
	at run.DeclinedPaymentOnBooking.runTest(DeclinedPaymentOnBooking.java:54)
	at run.DeclinedPaymentOnBooking.runTest(DeclinedPaymentOnBooking.java:54)
	at run.DeclinedPaymentOnBooking.runTest(DeclinedPaymentOnBooking.java:54)
	at run.DeclinedPaymentOnBooking.runTest(DeclinedPaymentOnBooking.java:54)
	at run.DeclinedPaymentOnBooking.runTest(DeclinedPaymentOnBooking.java:54)
	at run.DeclinedPaymentOnBooking.runTest(DeclinedPaymentOnBooking.java:54)
	at run.DeclinedPaymentOnBooking.runTest(DeclinedPaymentOnBooking.java:54)
	at run.DeclinedPaymentOnBooking.runTest(DeclinedPaymentOnBooking.java:54)
	at run.DeclinedPaymentOnBooking.runTest(DeclinedPaymentOnBooking.java:54)
	at run.DeclinedPaymentOnBooking.runTest(DeclinedPaymentOnBooking.java:54)
	at run.DeclinedPaymentOnBooking.runTest(DeclinedPaymentOnBooking.java:54)
	at run.DeclinedPaymentOnBooking.runTest(DeclinedPaymentOnBooking.java:54)
	at run.DeclinedPaymentOnBooking.runTest(DeclinedPaymentOnBooking.java:54)
	at run.DeclinedPaymentOnBooking.runTest(DeclinedPaymentOnBooking.java:54)
	at run.DeclinedPaymentOnBooking.runTest(DeclinedPaymentOnBooking.java:54)
	at run.DeclinedPaymentOnBooking.runTest(DeclinedPaymentOnBooking.java:54)
	at run.DeclinedPaymentOnBooking.runTest(DeclinedPaymentOnBooking.java:54)
	at run.DeclinedPaymentOnBooking.runTest(DeclinedPaymentOnBooking.java:54)
	at run.DeclinedPaymentOnBooking.runTest(DeclinedPaymentOnBooking.java:54)
	at run.DeclinedPaymentOnBooking.runTest(DeclinedPaymentOnBooking.java:54)
	at run.DeclinedPaymentOnBooking.runTest(DeclinedPaymentOnBooking.java:54)
	at run.DeclinedPaymentOnBooking.runTest(DeclinedPaymentOnBooking.java:54)
	at run.DeclinedPaymentOnBooking.runTest(DeclinedPaymentOnBooking.java:54)
	at run.DeclinedPaymentOnBooking.runTest(DeclinedPaymentOnBooking.java:54)
	at run.DeclinedPaymentOnBooking.runTest(DeclinedPaymentOnBooking.java:54)
	at run.DeclinedPaymentOnBooking.runTest(DeclinedPaymentOnBooking.java:54)
	at run.DeclinedPaymentOnBooking.runTest(DeclinedPaymentOnBooking.java:54)
	at run.DeclinedPaymentOnBooking.runTest(DeclinedPaymentOnBooking.java:54)
	at run.DeclinedPaymentOnBooking.runTest(DeclinedPaymentOnBooking.java:54)
	at run.DeclinedPaymentOnBooking.runTest(DeclinedPaymentOnBooking.java:54)
	at run.DeclinedPaymentOnBooking.runTest(DeclinedPaymentOnBooking.java:54)
	at run.DeclinedPaymentOnBooking.runTest(DeclinedPaymentOnBooking.java:54)
	at run.DeclinedPaymentOnBooking.runTest(DeclinedPaymentOnBooking.java:54)
	at run.DeclinedPaymentOnBooking.runTest(DeclinedPaymentOnBooking.java:54)
	at run.DeclinedPaymentOnBooking.runTest(DeclinedPaymentOnBooking.java:54)
	at run.DeclinedPaymentOnBooking.runTest(DeclinedPaymentOnBooking.java:54)
	at run.DeclinedPaymentOnBooking.runTest(DeclinedPaymentOnBooking.java:54)
	at run.DeclinedPaymentOnBooking.runTest(DeclinedPaymentOnBooking.java:54)
	at run.DeclinedPaymentOnBooking.runTest(DeclinedPaymentOnBooking.java:54)
	at run.DeclinedPaymentOnBooking.runTest(DeclinedPaymentOnBooking.java:54)
	at run.DeclinedPaymentOnBooking.runTest(DeclinedPaymentOnBooking.java:54)
	at run.DeclinedPaymentOnBooking.runTest(DeclinedPaymentOnBooking.java:54)
	at run.DeclinedPaymentOnBooking.runTest(DeclinedPaymentOnBooking.java:54)
	at run.DeclinedPaymentOnBooking.runTest(DeclinedPaymentOnBooking.java:54)
	at run.DeclinedPaymentOnBooking.runTest(DeclinedPaymentOnBooking.java:54)
	at run.DeclinedPaymentOnBooking.runTest(DeclinedPaymentOnBooking.java:54)
	at run.DeclinedPaymentOnBooking.runTest(DeclinedPaymentOnBooking.java:54)
	at run.DeclinedPaymentOnBooking.runTest(DeclinedPaymentOnBooking.java:54)
	at run.DeclinedPaymentOnBooking.runTest(DeclinedPaymentOnBooking.java:54)
	at run.DeclinedPaymentOnBooking.runTest(DeclinedPaymentOnBooking.java:54)
	at run.DeclinedPaymentOnBooking.runTest(DeclinedPaymentOnBooking.java:54)
	at run.DeclinedPaymentOnBooking.runTest(DeclinedPaymentOnBooking.java:54)
	at run.DeclinedPaymentOnBooking.runTest(DeclinedPaymentOnBooking.java:54)
	at run.DeclinedPaymentOnBooking.runTest(DeclinedPaymentOnBooking.java:54)
	at run.DeclinedPaymentOnBooking.runTest(DeclinedPaymentOnBooking.java:54)
	at run.DeclinedPaymentOnBooking.runTest(DeclinedPaymentOnBooking.java:54)
	at run.DeclinedPaymentOnBooking.runTest(DeclinedPaymentOnBooking.java:54)
	at run.DeclinedPaymentOnBooking.runTest(DeclinedPaymentOnBooking.java:54)
	at run.DeclinedPaymentOnBooking.runTest(DeclinedPaymentOnBooking.java:54)
	at run.DeclinedPaymentOnBooking.runTest(DeclinedPaymentOnBooking.java:54)
	at run.DeclinedPaymentOnBooking.runTest(DeclinedPaymentOnBooking.java:54)
	at run.DeclinedPaymentOnBooking.runTest(DeclinedPaymentOnBooking.java:54)
	at run.DeclinedPaymentOnBooking.runTest(DeclinedPaymentOnBooking.java:54)
	at run.DeclinedPaymentOnBooking.runTest(DeclinedPaymentOnBooking.java:54)
	at run.DeclinedPaymentOnBooking.runTest(DeclinedPaymentOnBooking.java:54)
	at run.DeclinedPaymentOnBooking.runTest(DeclinedPaymentOnBooking.java:54)
	at run.DeclinedPaymentOnBooking.runTest(DeclinedPaymentOnBooking.java:54)
	at run.DeclinedPaymentOnBooking.runTest(DeclinedPaymentOnBooking.java:54)
	at run.DeclinedPaymentOnBooking.runTest(DeclinedPaymentOnBooking.java:54)
	at run.DeclinedPaymentOnBooking.runTest(DeclinedPaymentOnBooking.java:54)
	at run.DeclinedPaymentOnBooking.runTest(DeclinedPaymentOnBooking.java:54)
	at run.DeclinedPaymentOnBooking.runTest(DeclinedPaymentOnBooking.java:54)
	at run.DeclinedPaymentOnBooking.runTest(DeclinedPaymentOnBooking.java:54)
	at run.DeclinedPaymentOnBooking.runTest(DeclinedPaymentOnBooking.java:54)
	at run.DeclinedPaymentOnBooking.runTest(DeclinedPaymentOnBooking.java:54)
	at run.DeclinedPaymentOnBooking.runTest(DeclinedPaymentOnBooking.java:54)
	at run.DeclinedPaymentOnBooking.runTest(DeclinedPaymentOnBooking.java:54)
	at run.DeclinedPaymentOnBooking.runTest(DeclinedPaymentOnBooking.java:54)
	at run.DeclinedPaymentOnBooking.runTest(DeclinedPaymentOnBooking.java:54)
	at run.DeclinedPaymentOnBooking.runTest(DeclinedPaymentOnBooking.java:54)
	at run.DeclinedPaymentOnBooking.runTest(DeclinedPaymentOnBooking.java:54)
	at run.DeclinedPaymentOnBooking.runTest(DeclinedPaymentOnBooking.java:54)
	at run.DeclinedPaymentOnBooking.runTest(DeclinedPaymentOnBooking.java:54)
	at run.DeclinedPaymentOnBooking.runTest(DeclinedPaymentOnBooking.java:54)
	at run.DeclinedPaymentOnBooking.runTest(DeclinedPaymentOnBooking.java:54)
	at run.DeclinedPaymentOnBooking.runTest(DeclinedPaymentOnBooking.java:54)
	at run.DeclinedPaymentOnBooking.runTest(DeclinedPaymentOnBooking.java:54)
	at run.DeclinedPaymentOnBooking.runTest(DeclinedPaymentOnBooking.java:54)
	at run.DeclinedPaymentOnBooking.runTest(DeclinedPaymentOnBooking.java:54)
	at run.DeclinedPaymentOnBooking.runTest(DeclinedPaymentOnBooking.java:54)
	at run.DeclinedPaymentOnBooking.runTest(DeclinedPaymentOnBooking.java:54)
	at run.DeclinedPaymentOnBooking.runTest(DeclinedPaymentOnBooking.java:54)
	at run.DeclinedPaymentOnBooking.runTest(DeclinedPaymentOnBooking.java:54)
	at run.DeclinedPaymentOnBooking.runTest(DeclinedPaymentOnBooking.java:54)
	at run.DeclinedPaymentOnBooking.runTest(DeclinedPaymentOnBooking.java:54)
	at run.DeclinedPaymentOnBooking.runTest(DeclinedPaymentOnBooking.java:54)
	at run.DeclinedPaymentOnBooking.runTest(DeclinedPaymentOnBooking.java:54)
	at run.DeclinedPaymentOnBooking.runTest(DeclinedPaymentOnBooking.java:54)
	at run.DeclinedPaymentOnBooking.runTest(DeclinedPaymentOnBooking.java:54)
	at run.DeclinedPaymentOnBooking.runTest(DeclinedPaymentOnBooking.java:54)
	at run.DeclinedPaymentOnBooking.runTest(DeclinedPaymentOnBooking.java:54)
	at run.DeclinedPaymentOnBooking.runTest(DeclinedPaymentOnBooking.java:54)
	at run.DeclinedPaymentOnBooking.runTest(DeclinedPaymentOnBooking.java:54)
	at run.DeclinedPaymentOnBooking.runTest(DeclinedPaymentOnBooking.java:54)
	at run.DeclinedPaymentOnBooking.runTest(DeclinedPaymentOnBooking.java:54)
	at run.DeclinedPaymentOnBooking.runTest(DeclinedPaymentOnBooking.java:54)
	at run.DeclinedPaymentOnBooking.runTest(DeclinedPaymentOnBooking.java:54)
	at run.DeclinedPaymentOnBooking.runTest(DeclinedPaymentOnBooking.java:54)
	at run.DeclinedPaymentOnBooking.runTest(DeclinedPaymentOnBooking.java:54)
	at run.DeclinedPaymentOnBooking.runTest(DeclinedPaymentOnBooking.java:54)
	at run.DeclinedPaymentOnBooking.runTest(DeclinedPaymentOnBooking.java:54)
	at run.DeclinedPaymentOnBooking.runTest(DeclinedPaymentOnBooking.java:54)
	at run.DeclinedPaymentOnBooking.runTest(DeclinedPaymentOnBooking.java:54)
	at run.DeclinedPaymentOnBooking.runTest(DeclinedPaymentOnBooking.java:54)
	at run.DeclinedPaymentOnBooking.runTest(DeclinedPaymentOnBooking.java:54)
	at run.DeclinedPaymentOnBooking.runTest(DeclinedPaymentOnBooking.java:54)
	at run.DeclinedPaymentOnBooking.runTest(DeclinedPaymentOnBooking.java:54)
	at run.DeclinedPaymentOnBooking.runTest(DeclinedPaymentOnBooking.java:54)
	at run.DeclinedPaymentOnBooking.runTest(DeclinedPaymentOnBooking.java:54)
	at run.DeclinedPaymentOnBooking.runTest(DeclinedPaymentOnBooking.java:54)
	at run.DeclinedPaymentOnBooking.runTest(DeclinedPaymentOnBooking.java:54)
	at run.DeclinedPaymentOnBooking.runTest(DeclinedPaymentOnBooking.java:54)
	at run.DeclinedPaymentOnBooking.runTest(DeclinedPaymentOnBooking.java:54)
	at run.DeclinedPaymentOnBooking.runTest(DeclinedPaymentOnBooking.java:54)
	at run.DeclinedPaymentOnBooking.runTest(DeclinedPaymentOnBooking.java:54)
	at run.DeclinedPaymentOnBooking.runTest(DeclinedPaymentOnBooking.java:54)
	at run.DeclinedPaymentOnBooking.runTest(DeclinedPaymentOnBooking.java:54)
	at run.DeclinedPaymentOnBooking.runTest(DeclinedPaymentOnBooking.java:54)
	at run.DeclinedPaymentOnBooking.runTest(DeclinedPaymentOnBooking.java:54)
	at run.DeclinedPaymentOnBooking.runTest(DeclinedPaymentOnBooking.java:54)
	at run.DeclinedPaymentOnBooking.runTest(DeclinedPaymentOnBooking.java:54)
	at run.DeclinedPaymentOnBooking.runTest(DeclinedPaymentOnBooking.java:54)
	at run.DeclinedPaymentOnBooking.runTest(DeclinedPaymentOnBooking.java:54)
	at run.DeclinedPaymentOnBooking.runTest(DeclinedPaymentOnBooking.java:54)
	at run.DeclinedPaymentOnBooking.runTest(DeclinedPaymentOnBooking.java:54)
	at run.DeclinedPaymentOnBooking.runTest(DeclinedPaymentOnBooking.java:54)
	at run.DeclinedPaymentOnBooking.runTest(DeclinedPaymentOnBooking.java:54)
	at run.DeclinedPaymentOnBooking.runTest(DeclinedPaymentOnBooking.java:54)
	at run.DeclinedPaymentOnBooking.runTest(DeclinedPaymentOnBooking.java:54)
	at run.DeclinedPaymentOnBooking.runTest(DeclinedPaymentOnBooking.java:54)
	at run.DeclinedPaymentOnBooking.runTest(DeclinedPaymentOnBooking.java:54)
	at run.DeclinedPaymentOnBooking.runTest(DeclinedPaymentOnBooking.java:54)
	at run.DeclinedPaymentOnBooking.runTest(DeclinedPaymentOnBooking.java:54)
	at run.DeclinedPaymentOnBooking.runTest(DeclinedPaymentOnBooking.java:54)
	at run.DeclinedPaymentOnBooking.runTest(DeclinedPaymentOnBooking.java:54)
	at run.DeclinedPaymentOnBooking.runTest(DeclinedPaymentOnBooking.java:54)
	at run.DeclinedPaymentOnBooking.runTest(DeclinedPaymentOnBooking.java:54)
	at run.DeclinedPaymentOnBooking.runTest(DeclinedPaymentOnBooking.java:54)
	at run.DeclinedPaymentOnBooking.runTest(DeclinedPaymentOnBooking.java:54)
	at run.DeclinedPaymentOnBooking.runTest(DeclinedPaymentOnBooking.java:54)
	at run.DeclinedPaymentOnBooking.runTest(DeclinedPaymentOnBooking.java:54)
	at run.DeclinedPaymentOnBooking.runTest(DeclinedPaymentOnBooking.java:54)
	at run.DeclinedPaymentOnBooking.runTest(DeclinedPaymentOnBooking.java:54)
	at run.DeclinedPaymentOnBooking.runTest(DeclinedPaymentOnBooking.java:54)
	at run.DeclinedPaymentOnBooking.runTest(DeclinedPaymentOnBooking.java:54)
	at run.DeclinedPaymentOnBooking.runTest(DeclinedPaymentOnBooking.java:54)
	at run.DeclinedPaymentOnBooking.runTest(DeclinedPaymentOnBooking.java:54)
	at run.DeclinedPaymentOnBooking.runTest(DeclinedPaymentOnBooking.java:54)
	at run.DeclinedPaymentOnBooking.runTest(DeclinedPaymentOnBooking.java:54)
	at run.DeclinedPaymentOnBooking.runTest(DeclinedPaymentOnBooking.java:54)
	at run.DeclinedPaymentOnBooking.runTest(DeclinedPaymentOnBooking.java:54)
	at run.DeclinedPaymentOnBooking.runTest(DeclinedPaymentOnBooking.java:54)
	at run.DeclinedPaymentOnBooking.runTest(DeclinedPaymentOnBooking.java:54)
	at run.DeclinedPaymentOnBooking.runTest(DeclinedPaymentOnBooking.java:54)
	at run.DeclinedPaymentOnBooking.runTest(DeclinedPaymentOnBooking.java:54)
	at run.DeclinedPaymentOnBooking.runTest(DeclinedPaymentOnBooking.java:54)
	at run.DeclinedPaymentOnBooking.runTest(DeclinedPaymentOnBooking.java:54)
	at run.DeclinedPaymentOnBooking.runTest(DeclinedPaymentOnBooking.java:54)
	at run.DeclinedPaymentOnBooking.runTest(DeclinedPaymentOnBooking.java:54)
	at run.DeclinedPaymentOnBooking.runTest(DeclinedPaymentOnBooking.java:54)
	at run.DeclinedPaymentOnBooking.runTest(DeclinedPaymentOnBooking.java:54)
	at run.DeclinedPaymentOnBooking.runTest(DeclinedPaymentOnBooking.java:54)
	at run.DeclinedPaymentOnBooking.runTest(DeclinedPaymentOnBooking.java:54)
	at run.DeclinedPaymentOnBooking.runTest(DeclinedPaymentOnBooking.java:54)
	at run.DeclinedPaymentOnBooking.runTest(DeclinedPaymentOnBooking.java:54)
	at run.DeclinedPaymentOnBooking.runTest(DeclinedPaymentOnBooking.java:54)
	at run.DeclinedPaymentOnBooking.runTest(DeclinedPaymentOnBooking.java:54)
	at run.DeclinedPaymentOnBooking.runTest(DeclinedPaymentOnBooking.java:54)
	at run.DeclinedPaymentOnBooking.runTest(DeclinedPaymentOnBooking.java:54)
	at run.DeclinedPaymentOnBooking.runTest(DeclinedPaymentOnBooking.java:54)
	at run.DeclinedPaymentOnBooking.runTest(DeclinedPaymentOnBooking.java:54)
	at run.DeclinedPaymentOnBooking.runTest(DeclinedPaymentOnBooking.java:54)
	at run.DeclinedPaymentOnBooking.runTest(DeclinedPaymentOnBooking.java:54)
	at run.DeclinedPaymentOnBooking.runTest(DeclinedPaymentOnBooking.java:54)
	at run.DeclinedPaymentOnBooking.runTest(DeclinedPaymentOnBooking.java:54)
	at run.DeclinedPaymentOnBooking.runTest(DeclinedPaymentOnBooking.java:54)
	at run.DeclinedPaymentOnBooking.runTest(DeclinedPaymentOnBooking.java:54)
	at run.DeclinedPaymentOnBooking.runTest(DeclinedPaymentOnBooking.java:54)
	at run.DeclinedPaymentOnBooking.runTest(DeclinedPaymentOnBooking.java:54)
	at run.DeclinedPaymentOnBooking.runTest(DeclinedPaymentOnBooking.java:54)
	at run.DeclinedPaymentOnBooking.runTest(DeclinedPaymentOnBooking.java:54)
	at run.DeclinedPaymentOnBooking.runTest(DeclinedPaymentOnBooking.java:54)
	at run.DeclinedPaymentOnBooking.runTest(DeclinedPaymentOnBooking.java:54)
	at run.DeclinedPaymentOnBooking.runTest(DeclinedPaymentOnBooking.java:54)
	at run.DeclinedPaymentOnBooking.runTest(DeclinedPaymentOnBooking.java:54)
	at run.DeclinedPaymentOnBooking.runTest(DeclinedPaymentOnBooking.java:54)
	at run.DeclinedPaymentOnBooking.runTest(DeclinedPaymentOnBooking.java:54)
	at run.DeclinedPaymentOnBooking.runTest(DeclinedPaymentOnBooking.java:54)
	at run.DeclinedPaymentOnBooking.runTest(DeclinedPaymentOnBooking.java:54)
	at run.DeclinedPaymentOnBooking.runTest(DeclinedPaymentOnBooking.java:54)
	at run.DeclinedPaymentOnBooking.runTest(DeclinedPaymentOnBooking.java:54)
	at run.DeclinedPaymentOnBooking.runTest(DeclinedPaymentOnBooking.java:54)
	at run.DeclinedPaymentOnBooking.runTest(DeclinedPaymentOnBooking.java:54)
	at run.DeclinedPaymentOnBooking.runTest(DeclinedPaymentOnBooking.java:54)
	at run.DeclinedPaymentOnBooking.runTest(DeclinedPaymentOnBooking.java:54)
	at run.DeclinedPaymentOnBooking.runTest(DeclinedPaymentOnBooking.java:54)
	at run.DeclinedPaymentOnBooking.runTest(DeclinedPaymentOnBooking.java:54)
	at run.DeclinedPaymentOnBooking.runTest(DeclinedPaymentOnBooking.java:54)
	at run.DeclinedPaymentOnBooking.runTest(DeclinedPaymentOnBooking.java:54)
	at run.DeclinedPaymentOnBooking.runTest(DeclinedPaymentOnBooking.java:54)
	at run.DeclinedPaymentOnBooking.runTest(DeclinedPaymentOnBooking.java:54)
	at run.DeclinedPaymentOnBooking.runTest(DeclinedPaymentOnBooking.java:54)
	at run.DeclinedPaymentOnBooking.runTest(DeclinedPaymentOnBooking.java:54)
	at run.DeclinedPaymentOnBooking.runTest(DeclinedPaymentOnBooking.java:54)
	at run.DeclinedPaymentOnBooking.runTest(DeclinedPaymentOnBooking.java:54)
	at run.DeclinedPaymentOnBooking.runTest(DeclinedPaymentOnBooking.java:54)
	at run.DeclinedPaymentOnBooking.runTest(DeclinedPaymentOnBooking.java:54)
	at run.DeclinedPaymentOnBooking.runTest(DeclinedPaymentOnBooking.java:54)
	at run.DeclinedPaymentOnBooking.runTest(DeclinedPaymentOnBooking.java:54)
	at run.DeclinedPaymentOnBooking.runTest(DeclinedPaymentOnBooking.java:54)
	at run.DeclinedPaymentOnBooking.runTest(DeclinedPaymentOnBooking.java:54)
	at run.DeclinedPaymentOnBooking.runTest(DeclinedPaymentOnBooking.java:54)
	at run.DeclinedPaymentOnBooking.runTest(DeclinedPaymentOnBooking.java:54)
	at run.DeclinedPaymentOnBooking.runTest(DeclinedPaymentOnBooking.java:54)
	at run.DeclinedPaymentOnBooking.runTest(DeclinedPaymentOnBooking.java:54)
	at run.DeclinedPaymentOnBooking.runTest(DeclinedPaymentOnBooking.java:54)
	at run.DeclinedPaymentOnBooking.runTest(DeclinedPaymentOnBooking.java:54)
	at run.DeclinedPaymentOnBooking.runTest(DeclinedPaymentOnBooking.java:54)
	at run.DeclinedPaymentOnBooking.runTest(DeclinedPaymentOnBooking.java:54)
	at run.DeclinedPaymentOnBooking.runTest(DeclinedPaymentOnBooking.java:54)
	at run.DeclinedPaymentOnBooking.runTest(DeclinedPaymentOnBooking.java:54)
	at run.DeclinedPaymentOnBooking.runTest(DeclinedPaymentOnBooking.java:54)
	at run.DeclinedPaymentOnBooking.runTest(DeclinedPaymentOnBooking.java:54)
	at run.DeclinedPaymentOnBooking.runTest(DeclinedPaymentOnBooking.java:54)
	at run.DeclinedPaymentOnBooking.runTest(DeclinedPaymentOnBooking.java:54)
	at run.DeclinedPaymentOnBooking.runTest(DeclinedPaymentOnBooking.java:54)
	at run.DeclinedPaymentOnBooking.runTest(DeclinedPaymentOnBooking.java:54)
	at run.DeclinedPaymentOnBooking.runTest(DeclinedPaymentOnBooking.java:54)
	at run.DeclinedPaymentOnBooking.runTest(DeclinedPaymentOnBooking.java:54)
	at run.DeclinedPaymentOnBooking.runTest(DeclinedPaymentOnBooking.java:54)
	at run.DeclinedPaymentOnBooking.runTest(DeclinedPaymentOnBooking.java:54)
	at run.DeclinedPaymentOnBooking.runTest(DeclinedPaymentOnBooking.java:54)
	at run.DeclinedPaymentOnBooking.runTest(DeclinedPaymentOnBooking.java:54)
	at run.DeclinedPaymentOnBooking.runTest(DeclinedPaymentOnBooking.java:54)
	at run.DeclinedPaymentOnBooking.runTest(DeclinedPaymentOnBooking.java:54)
	at run.DeclinedPaymentOnBooking.runTest(DeclinedPaymentOnBooking.java:54)
	at run.DeclinedPaymentOnBooking.runTest(DeclinedPaymentOnBooking.java:54)
	at run.DeclinedPaymentOnBooking.runTest(DeclinedPaymentOnBooking.java:54)
	at run.DeclinedPaymentOnBooking.runTest(DeclinedPaymentOnBooking.java:54)
	at run.DeclinedPaymentOnBooking.runTest(DeclinedPaymentOnBooking.java:54)
	at run.DeclinedPaymentOnBooking.runTest(DeclinedPaymentOnBooking.java:54)
	at run.DeclinedPaymentOnBooking.runTest(DeclinedPaymentOnBooking.java:54)
	at run.DeclinedPaymentOnBooking.runTest(DeclinedPaymentOnBooking.java:54)
	at run.DeclinedPaymentOnBooking.runTest(DeclinedPaymentOnBooking.java:54)
	at run.DeclinedPaymentOnBooking.runTest(DeclinedPaymentOnBooking.java:54)
	at run.DeclinedPaymentOnBooking.runTest(DeclinedPaymentOnBooking.java:54)
	at run.DeclinedPaymentOnBooking.runTest(DeclinedPaymentOnBooking.java:54)
	at run.DeclinedPaymentOnBooking.runTest(DeclinedPaymentOnBooking.java:54)
	at run.DeclinedPaymentOnBooking.runTest(DeclinedPaymentOnBooking.java:54)
	at run.DeclinedPaymentOnBooking.runTest(DeclinedPaymentOnBooking.java:54)
	at run.DeclinedPaymentOnBooking.runTest(DeclinedPaymentOnBooking.java:54)
	at run.DeclinedPaymentOnBooking.runTest(DeclinedPaymentOnBooking.java:54)
	at run.DeclinedPaymentOnBooking.runTest(DeclinedPaymentOnBooking.java:54)
	at run.DeclinedPaymentOnBooking.runTest(DeclinedPaymentOnBooking.java:54)
	at run.DeclinedPaymentOnBooking.runTest(DeclinedPaymentOnBooking.java:54)
	at run.DeclinedPaymentOnBooking.runTest(DeclinedPaymentOnBooking.java:54)
	at run.DeclinedPaymentOnBooking.runTest(DeclinedPaymentOnBooking.java:54)
	at run.DeclinedPaymentOnBooking.runTest(DeclinedPaymentOnBooking.java:54)
	at run.DeclinedPaymentOnBooking.runTest(DeclinedPaymentOnBooking.java:54)
	at run.DeclinedPaymentOnBooking.runTest(DeclinedPaymentOnBooking.java:54)
	at run.DeclinedPaymentOnBooking.runTest(DeclinedPaymentOnBooking.java:54)
	at run.DeclinedPaymentOnBooking.runTest(DeclinedPaymentOnBooking.java:54)
	at run.DeclinedPaymentOnBooking.runTest(DeclinedPaymentOnBooking.java:54)
	at run.DeclinedPaymentOnBooking.runTest(DeclinedPaymentOnBooking.java:54)
	at run.DeclinedPaymentOnBooking.runTest(DeclinedPaymentOnBooking.java:54)
	at run.DeclinedPaymentOnBooking.runTest(DeclinedPaymentOnBooking.java:54)
	at run.DeclinedPaymentOnBooking.runTest(DeclinedPaymentOnBooking.java:54)
	at run.DeclinedPaymentOnBooking.runTest(DeclinedPaymentOnBooking.java:54)
	at run.DeclinedPaymentOnBooking.runTest(DeclinedPaymentOnBooking.java:54)
	at run.DeclinedPaymentOnBooking.runTest(DeclinedPaymentOnBooking.java:54)
	at run.DeclinedPaymentOnBooking.runTest(DeclinedPaymentOnBooking.java:54)
	at run.DeclinedPaymentOnBooking.runTest(DeclinedPaymentOnBooking.java:54)
	at run.DeclinedPaymentOnBooking.runTest(DeclinedPaymentOnBooking.java:54)
	at run.DeclinedPaymentOnBooking.runTest(DeclinedPaymentOnBooking.java:54)
	at run.DeclinedPaymentOnBooking.runTest(DeclinedPaymentOnBooking.java:54)
	at run.DeclinedPaymentOnBooking.runTest(DeclinedPaymentOnBooking.java:54)
	at run.DeclinedPaymentOnBooking.runTest(DeclinedPaymentOnBooking.java:54)
	at run.DeclinedPaymentOnBooking.runTest(DeclinedPaymentOnBooking.java:54)
	at run.DeclinedPaymentOnBooking.runTest(DeclinedPaymentOnBooking.java:54)
	at run.DeclinedPaymentOnBooking.runTest(DeclinedPaymentOnBooking.java:54)
	at run.DeclinedPaymentOnBooking.runTest(DeclinedPaymentOnBooking.java:54)
	at run.DeclinedPaymentOnBooking.runTest(DeclinedPaymentOnBooking.java:54)
	at run.DeclinedPaymentOnBooking.runTest(DeclinedPaymentOnBooking.java:54)
	at run.DeclinedPaymentOnBooking.runTest(DeclinedPaymentOnBooking.java:54)
	at run.DeclinedPaymentOnBooking.runTest(DeclinedPaymentOnBooking.java:54)
	at run.DeclinedPaymentOnBooking.runTest(DeclinedPaymentOnBooking.java:54)
	at run.DeclinedPaymentOnBooking.runTest(DeclinedPaymentOnBooking.java:54)
	at run.DeclinedPaymentOnBooking.runTest(DeclinedPaymentOnBooking.java:54)
	at run.DeclinedPaymentOnBooking.runTest(DeclinedPaymentOnBooking.java:54)
	at run.DeclinedPaymentOnBooking.runTest(DeclinedPaymentOnBooking.java:54)
	at run.DeclinedPaymentOnBooking.runTest(DeclinedPaymentOnBooking.java:54)
	at run.DeclinedPaymentOnBooking.runTest(DeclinedPaymentOnBooking.java:54)
	at run.DeclinedPaymentOnBooking.runTest(DeclinedPaymentOnBooking.java:54)
	at run.DeclinedPaymentOnBooking.runTest(DeclinedPaymentOnBooking.java:54)
	at run.DeclinedPaymentOnBooking.runTest(DeclinedPaymentOnBooking.java:54)
	at run.DeclinedPaymentOnBooking.runTest(DeclinedPaymentOnBooking.java:54)
	at run.DeclinedPaymentOnBooking.runTest(DeclinedPaymentOnBooking.java:54)
	at run.DeclinedPaymentOnBooking.runTest(DeclinedPaymentOnBooking.java:54)
	at run.DeclinedPaymentOnBooking.runTest(DeclinedPaymentOnBooking.java:54)
	at run.DeclinedPaymentOnBooking.runTest(DeclinedPaymentOnBooking.java:54)
	at run.DeclinedPaymentOnBooking.runTest(DeclinedPaymentOnBooking.java:54)
	at run.DeclinedPaymentOnBooking.runTest(DeclinedPaymentOnBooking.java:54)
	at run.DeclinedPaymentOnBooking.runTest(DeclinedPaymentOnBooking.java:54)
	at run.DeclinedPaymentOnBooking.runTest(DeclinedPaymentOnBooking.java:54)
	at run.DeclinedPaymentOnBooking.runTest(DeclinedPaymentOnBooking.java:54)
	at run.DeclinedPaymentOnBooking.runTest(DeclinedPaymentOnBooking.java:54)
	at run.DeclinedPaymentOnBooking.runTest(DeclinedPaymentOnBooking.java:54)
	at run.DeclinedPaymentOnBooking.runTest(DeclinedPaymentOnBooking.java:54)
	at run.DeclinedPaymentOnBooking.runTest(DeclinedPaymentOnBooking.java:54)
	at run.DeclinedPaymentOnBooking.runTest(DeclinedPaymentOnBooking.java:54)
	at run.DeclinedPaymentOnBooking.runTest(DeclinedPaymentOnBooking.java:54)
	at run.DeclinedPaymentOnBooking.runTest(DeclinedPaymentOnBooking.java:54)
	at run.DeclinedPaymentOnBooking.runTest(DeclinedPaymentOnBooking.java:54)
	at run.DeclinedPaymentOnBooking.runTest(DeclinedPaymentOnBooking.java:54)
	at run.DeclinedPaymentOnBooking.runTest(DeclinedPaymentOnBooking.java:54)
	at run.DeclinedPaymentOnBooking.runTest(DeclinedPaymentOnBooking.java:54)
	at run.DeclinedPaymentOnBooking.runTest(DeclinedPaymentOnBooking.java:54)
	at run.DeclinedPaymentOnBooking.runTest(DeclinedPaymentOnBooking.java:54)
	at run.DeclinedPaymentOnBooking.runTest(DeclinedPaymentOnBooking.java:54)
	at run.DeclinedPaymentOnBooking.runTest(DeclinedPaymentOnBooking.java:54)
	at run.DeclinedPaymentOnBooking.runTest(DeclinedPaymentOnBooking.java:54)
	at run.DeclinedPaymentOnBooking.runTest(DeclinedPaymentOnBooking.java:54)
	at run.DeclinedPaymentOnBooking.runTest(DeclinedPaymentOnBooking.java:54)
	at run.DeclinedPaymentOnBooking.runTest(DeclinedPaymentOnBooking.java:54)
	at run.DeclinedPaymentOnBooking.runTest(DeclinedPaymentOnBooking.java:54)
	at run.DeclinedPaymentOnBooking.runTest(DeclinedPaymentOnBooking.java:54)
	at run.DeclinedPaymentOnBooking.runTest(DeclinedPaymentOnBooking.java:54)
	at run.DeclinedPaymentOnBooking.runTest(DeclinedPaymentOnBooking.java:54)
	at run.DeclinedPaymentOnBooking.runTest(DeclinedPaymentOnBooking.java:54)
	at run.DeclinedPaymentOnBooking.runTest(DeclinedPaymentOnBooking.java:54)
	at run.DeclinedPaymentOnBooking.runTest(DeclinedPaymentOnBooking.java:54)
	at run.DeclinedPaymentOnBooking.runTest(DeclinedPaymentOnBooking.java:54)
	at run.DeclinedPaymentOnBooking.runTest(DeclinedPaymentOnBooking.java:54)
	at run.DeclinedPaymentOnBooking.runTest(DeclinedPaymentOnBooking.java:54)
	at run.DeclinedPaymentOnBooking.runTest(DeclinedPaymentOnBooking.java:54)
	at run.DeclinedPaymentOnBooking.runTest(DeclinedPaymentOnBooking.java:54)
	at run.DeclinedPaymentOnBooking.runTest(DeclinedPaymentOnBooking.java:54)
	at run.DeclinedPaymentOnBooking.runTest(DeclinedPaymentOnBooking.java:54)
	at run.DeclinedPaymentOnBooking.runTest(DeclinedPaymentOnBooking.java:54)
	at run.DeclinedPaymentOnBooking.runTest(DeclinedPaymentOnBooking.java:54)
	at run.DeclinedPaymentOnBooking.runTest(DeclinedPaymentOnBooking.java:54)
	at run.DeclinedPaymentOnBooking.runTest(DeclinedPaymentOnBooking.java:54)
	at run.DeclinedPaymentOnBooking.runTest(DeclinedPaymentOnBooking.java:54)
	at run.DeclinedPaymentOnBooking.runTest(DeclinedPaymentOnBooking.java:54)
	at run.DeclinedPaymentOnBooking.runTest(DeclinedPaymentOnBooking.java:54)
	at run.DeclinedPaymentOnBooking.runTest(DeclinedPaymentOnBooking.java:54)
	at run.DeclinedPaymentOnBooking.runTest(DeclinedPaymentOnBooking.java:54)
	at run.DeclinedPaymentOnBooking.runTest(DeclinedPaymentOnBooking.java:54)
	at run.DeclinedPaymentOnBooking.runTest(DeclinedPaymentOnBooking.java:54)
	at run.DeclinedPaymentOnBooking.runTest(DeclinedPaymentOnBooking.java:54)
	at run.DeclinedPaymentOnBooking.runTest(DeclinedPaymentOnBooking.java:54)
	at run.DeclinedPaymentOnBooking.runTest(DeclinedPaymentOnBooking.java:54)
	at run.DeclinedPaymentOnBooking.runTest(DeclinedPaymentOnBooking.java:54)
	at run.DeclinedPaymentOnBooking.runTest(DeclinedPaymentOnBooking.java:54)
	at run.DeclinedPaymentOnBooking.runTest(DeclinedPaymentOnBooking.java:54)
	at run.DeclinedPaymentOnBooking.runTest(DeclinedPaymentOnBooking.java:54)
	at run.DeclinedPaymentOnBooking.runTest(DeclinedPaymentOnBooking.java:54)
	at run.DeclinedPaymentOnBooking.runTest(DeclinedPaymentOnBooking.java:54)
	at run.DeclinedPaymentOnBooking.runTest(DeclinedPaymentOnBooking.java:54)
	at run.DeclinedPaymentOnBooking.runTest(DeclinedPaymentOnBooking.java:54)
	at run.DeclinedPaymentOnBooking.runTest(DeclinedPaymentOnBooking.java:54)
	at run.DeclinedPaymentOnBooking.runTest(DeclinedPaymentOnBooking.java:54)
	at run.DeclinedPaymentOnBooking.runTest(DeclinedPaymentOnBooking.java:54)
	at run.DeclinedPaymentOnBooking.runTest(DeclinedPaymentOnBooking.java:54)
	at run.DeclinedPaymentOnBooking.runTest(DeclinedPaymentOnBooking.java:54)
	at run.DeclinedPaymentOnBooking.runTest(DeclinedPaymentOnBooking.java:54)
	at run.DeclinedPaymentOnBooking.runTest(DeclinedPaymentOnBooking.java:54)
	at run.DeclinedPaymentOnBooking.runTest(DeclinedPaymentOnBooking.java:54)
	at run.DeclinedPaymentOnBooking.runTest(DeclinedPaymentOnBooking.java:54)
	at run.DeclinedPaymentOnBooking.runTest(DeclinedPaymentOnBooking.java:54)
	at run.DeclinedPaymentOnBooking.runTest(DeclinedPaymentOnBooking.java:54)
	at run.DeclinedPaymentOnBooking.runTest(DeclinedPaymentOnBooking.java:54)
	at run.DeclinedPaymentOnBooking.runTest(DeclinedPaymentOnBooking.java:54)
	at run.DeclinedPaymentOnBooking.runTest(DeclinedPaymentOnBooking.java:54)
	at run.DeclinedPaymentOnBooking.runTest(DeclinedPaymentOnBooking.java:54)
	at run.DeclinedPaymentOnBooking.runTest(DeclinedPaymentOnBooking.java:54)
	at run.DeclinedPaymentOnBooking.runTest(DeclinedPaymentOnBooking.java:54)
	at run.DeclinedPaymentOnBooking.runTest(DeclinedPaymentOnBooking.java:54)
	at run.DeclinedPaymentOnBooking.runTest(DeclinedPaymentOnBooking.java:54)
	at run.DeclinedPaymentOnBooking.runTest(DeclinedPaymentOnBooking.java:54)
	at run.DeclinedPaymentOnBooking.runTest(DeclinedPaymentOnBooking.java:54)
	at run.DeclinedPaymentOnBooking.runTest(DeclinedPaymentOnBooking.java:54)
	at run.DeclinedPaymentOnBooking.runTest(DeclinedPaymentOnBooking.java:54)
	at run.DeclinedPaymentOnBooking.runTest(DeclinedPaymentOnBooking.java:54)
	at run.DeclinedPaymentOnBooking.runTest(DeclinedPaymentOnBooking.java:54)
	at run.DeclinedPaymentOnBooking.runTest(DeclinedPaymentOnBooking.java:54)
	at run.DeclinedPaymentOnBooking.runTest(DeclinedPaymentOnBooking.java:54)
	at run.DeclinedPaymentOnBooking.runTest(DeclinedPaymentOnBooking.java:54)
	at run.DeclinedPaymentOnBooking.runTest(DeclinedPaymentOnBooking.java:54)
	at run.DeclinedPaymentOnBooking.runTest(DeclinedPaymentOnBooking.java:54)
	at run.DeclinedPaymentOnBooking.runTest(DeclinedPaymentOnBooking.java:54)
	at run.DeclinedPaymentOnBooking.runTest(DeclinedPaymentOnBooking.java:54)
	at run.DeclinedPaymentOnBooking.runTest(DeclinedPaymentOnBooking.java:54)
	at run.DeclinedPaymentOnBooking.runTest(DeclinedPaymentOnBooking.java:54)
	at run.DeclinedPaymentOnBooking.runTest(DeclinedPaymentOnBooking.java:54)
	at run.DeclinedPaymentOnBooking.runTest(DeclinedPaymentOnBooking.java:54)
	at run.DeclinedPaymentOnBooking.runTest(DeclinedPaymentOnBooking.java:54)
	at run.DeclinedPaymentOnBooking.runTest(DeclinedPaymentOnBooking.java:54)
	at run.DeclinedPaymentOnBooking.runTest(DeclinedPaymentOnBooking.java:54)
	at run.DeclinedPaymentOnBooking.runTest(DeclinedPaymentOnBooking.java:54)
	at run.DeclinedPaymentOnBooking.runTest(DeclinedPaymentOnBooking.java:54)
	at run.DeclinedPaymentOnBooking.runTest(DeclinedPaymentOnBooking.java:54)
	at run.DeclinedPaymentOnBooking.runTest(DeclinedPaymentOnBooking.java:54)
	at run.DeclinedPaymentOnBooking.runTest(DeclinedPaymentOnBooking.java:54)
	at run.DeclinedPaymentOnBooking.runTest(DeclinedPaymentOnBooking.java:54)
	at run.DeclinedPaymentOnBooking.runTest(DeclinedPaymentOnBooking.java:54)
	at run.DeclinedPaymentOnBooking.runTest(DeclinedPaymentOnBooking.java:54)
	at run.DeclinedPaymentOnBooking.runTest(DeclinedPaymentOnBooking.java:54)
	at run.DeclinedPaymentOnBooking.runTest(DeclinedPaymentOnBooking.java:54)
	at run.DeclinedPaymentOnBooking.runTest(DeclinedPaymentOnBooking.java:54)
	at run.DeclinedPaymentOnBooking.runTest(DeclinedPaymentOnBooking.java:54)
	at run.DeclinedPaymentOnBooking.runTest(DeclinedPaymentOnBooking.java:54)
	at run.DeclinedPaymentOnBooking.runTest(DeclinedPaymentOnBooking.java:54)
	at run.DeclinedPaymentOnBooking.runTest(DeclinedPaymentOnBooking.java:54)
	at run.DeclinedPaymentOnBooking.runTest(DeclinedPaymentOnBooking.java:54)
	at run.DeclinedPaymentOnBooking.runTest(DeclinedPaymentOnBooking.java:54)
	at run.DeclinedPaymentOnBooking.runTest(DeclinedPaymentOnBooking.java:54)
	at run.DeclinedPaymentOnBooking.runTest(DeclinedPaymentOnBooking.java:54)
	at run.DeclinedPaymentOnBooking.runTest(DeclinedPaymentOnBooking.java:54)
	at run.DeclinedPaymentOnBooking.runTest(DeclinedPaymentOnBooking.java:54)
	at run.DeclinedPaymentOnBooking.runTest(DeclinedPaymentOnBooking.java:54)
	at run.DeclinedPaymentOnBooking.runTest(DeclinedPaymentOnBooking.java:54)
	at run.DeclinedPaymentOnBooking.runTest(DeclinedPaymentOnBooking.java:54)
	at run.DeclinedPaymentOnBooking.runTest(DeclinedPaymentOnBooking.java:54)
	at run.DeclinedPaymentOnBooking.runTest(DeclinedPaymentOnBooking.java:54)
	at run.DeclinedPaymentOnBooking.runTest(DeclinedPaymentOnBooking.java:54)
	at run.DeclinedPaymentOnBooking.runTest(DeclinedPaymentOnBooking.java:54)
	at run.DeclinedPaymentOnBooking.runTest(DeclinedPaymentOnBooking.java:54)
	at run.DeclinedPaymentOnBooking.runTest(DeclinedPaymentOnBooking.java:54)
	at run.DeclinedPaymentOnBooking.runTest(DeclinedPaymentOnBooking.java:54)
	at run.DeclinedPaymentOnBooking.runTest(DeclinedPaymentOnBooking.java:54)
	at run.DeclinedPaymentOnBooking.runTest(DeclinedPaymentOnBooking.java:54)
	at run.DeclinedPaymentOnBooking.runTest(DeclinedPaymentOnBooking.java:54)
	at run.DeclinedPaymentOnBooking.runTest(DeclinedPaymentOnBooking.java:54)
	at run.DeclinedPaymentOnBooking.runTest(DeclinedPaymentOnBooking.java:54)
	at run.DeclinedPaymentOnBooking.runTest(DeclinedPaymentOnBooking.java:54)
	at run.DeclinedPaymentOnBooking.runTest(DeclinedPaymentOnBooking.java:54)
	at run.DeclinedPaymentOnBooking.runTest(DeclinedPaymentOnBooking.java:54)
	at run.DeclinedPaymentOnBooking.runTest(DeclinedPaymentOnBooking.java:54)
	at run.DeclinedPaymentOnBooking.runTest(DeclinedPaymentOnBooking.java:54)
	at run.DeclinedPaymentOnBooking.runTest(DeclinedPaymentOnBooking.java:54)
	at run.DeclinedPaymentOnBooking.runTest(DeclinedPaymentOnBooking.java:54)
	at run.DeclinedPaymentOnBooking.runTest(DeclinedPaymentOnBooking.java:54)
	at run.DeclinedPaymentOnBooking.runTest(DeclinedPaymentOnBooking.java:54)
	at run.DeclinedPaymentOnBooking.runTest(DeclinedPaymentOnBooking.java:54)
	at run.DeclinedPaymentOnBooking.runTest(DeclinedPaymentOnBooking.java:54)
	at run.DeclinedPaymentOnBooking.runTest(DeclinedPaymentOnBooking.java:54)
	at run.DeclinedPaymentOnBooking.runTest(DeclinedPaymentOnBooking.java:54)
	at run.DeclinedPaymentOnBooking.runTest(DeclinedPaymentOnBooking.java:54)
	at run.DeclinedPaymentOnBooking.runTest(DeclinedPaymentOnBooking.java:54)
	at run.DeclinedPaymentOnBooking.runTest(DeclinedPaymentOnBooking.java:54)
	at run.DeclinedPaymentOnBooking.runTest(DeclinedPaymentOnBooking.java:54)
	at run.DeclinedPaymentOnBooking.runTest(DeclinedPaymentOnBooking.java:54)
	at run.DeclinedPaymentOnBooking.runTest(DeclinedPaymentOnBooking.java:54)
	at run.DeclinedPaymentOnBooking.runTest(DeclinedPaymentOnBooking.java:54)
	at run.DeclinedPaymentOnBooking.runTest(DeclinedPaymentOnBooking.java:54)
	at run.DeclinedPaymentOnBooking.runTest(DeclinedPaymentOnBooking.java:54)
	at run.DeclinedPaymentOnBooking.runTest(DeclinedPaymentOnBooking.java:54)
	at run.DeclinedPaymentOnBooking.runTest(DeclinedPaymentOnBooking.java:54)
	at run.DeclinedPaymentOnBooking.runTest(DeclinedPaymentOnBooking.java:54)
	at run.DeclinedPaymentOnBooking.runTest(DeclinedPaymentOnBooking.java:54)
	at run.DeclinedPaymentOnBooking.runTest(DeclinedPaymentOnBooking.java:54)
	at run.DeclinedPaymentOnBooking.runTest(DeclinedPaymentOnBooking.java:54)
	at run.DeclinedPaymentOnBooking.runTest(DeclinedPaymentOnBooking.java:54)
	at run.DeclinedPaymentOnBooking.runTest(DeclinedPaymentOnBooking.java:54)
	at run.DeclinedPaymentOnBooking.runTest(DeclinedPaymentOnBooking.java:54)
	at run.DeclinedPaymentOnBooking.runTest(DeclinedPaymentOnBooking.java:54)
	at run.DeclinedPaymentOnBooking.runTest(DeclinedPaymentOnBooking.java:54)
	at run.DeclinedPaymentOnBooking.runTest(DeclinedPaymentOnBooking.java:54)
	at run.DeclinedPaymentOnBooking.runTest(DeclinedPaymentOnBooking.java:54)
	at run.DeclinedPaymentOnBooking.runTest(DeclinedPaymentOnBooking.java:54)
	at run.DeclinedPaymentOnBooking.runTest(DeclinedPaymentOnBooking.java:54)
	at run.DeclinedPaymentOnBooking.runTest(DeclinedPaymentOnBooking.java:54)
	at run.DeclinedPaymentOnBooking.runTest(DeclinedPaymentOnBooking.java:54)
	at run.DeclinedPaymentOnBooking.runTest(DeclinedPaymentOnBooking.java:54)
	at run.DeclinedPaymentOnBooking.runTest(DeclinedPaymentOnBooking.java:54)
	at run.DeclinedPaymentOnBooking.runTest(DeclinedPaymentOnBooking.java:54)
	at run.DeclinedPaymentOnBooking.runTest(DeclinedPaymentOnBooking.java:54)
	at run.DeclinedPaymentOnBooking.runTest(DeclinedPaymentOnBooking.java:54)
	at run.DeclinedPaymentOnBooking.runTest(DeclinedPaymentOnBooking.java:54)
	at run.DeclinedPaymentOnBooking.runTest(DeclinedPaymentOnBooking.java:54)
	at run.DeclinedPaymentOnBooking.runTest(DeclinedPaymentOnBooking.java:54)
	at run.DeclinedPaymentOnBooking.runTest(DeclinedPaymentOnBooking.java:54)
	at run.DeclinedPaymentOnBooking.runTest(DeclinedPaymentOnBooking.java:54)
	at run.DeclinedPaymentOnBooking.runTest(DeclinedPaymentOnBooking.java:54)
	at run.DeclinedPaymentOnBooking.runTest(DeclinedPaymentOnBooking.java:54)
	at run.DeclinedPaymentOnBooking.runTest(DeclinedPaymentOnBooking.java:54)
	at run.DeclinedPaymentOnBooking.runTest(DeclinedPaymentOnBooking.java:54)
	at run.DeclinedPaymentOnBooking.runTest(DeclinedPaymentOnBooking.java:54)
	at run.DeclinedPaymentOnBooking.runTest(DeclinedPaymentOnBooking.java:54)
	at run.DeclinedPaymentOnBooking.runTest(DeclinedPaymentOnBooking.java:54)
	at run.DeclinedPaymentOnBooking.runTest(DeclinedPaymentOnBooking.java:54)
	at run.DeclinedPaymentOnBooking.runTest(DeclinedPaymentOnBooking.java:54)
	at run.DeclinedPaymentOnBooking.runTest(DeclinedPaymentOnBooking.java:54)
	at run.DeclinedPaymentOnBooking.runTest(DeclinedPaymentOnBooking.java:54)
	at run.DeclinedPaymentOnBooking.runTest(DeclinedPaymentOnBooking.java:54)
	at run.DeclinedPaymentOnBooking.runTest(DeclinedPaymentOnBooking.java:54)
	at run.DeclinedPaymentOnBooking.runTest(DeclinedPaymentOnBooking.java:54)
	at run.DeclinedPaymentOnBooking.runTest(DeclinedPaymentOnBooking.java:54)
	at run.DeclinedPaymentOnBooking.runTest(DeclinedPaymentOnBooking.java:54)
	at run.DeclinedPaymentOnBooking.runTest(DeclinedPaymentOnBooking.java:54)
	at run.DeclinedPaymentOnBooking.runTest(DeclinedPaymentOnBooking.java:54)
	at run.DeclinedPaymentOnBooking.runTest(DeclinedPaymentOnBooking.java:54)
	at run.DeclinedPaymentOnBooking.runTest(DeclinedPaymentOnBooking.java:54)
	at run.DeclinedPaymentOnBooking.runTest(DeclinedPaymentOnBooking.java:54)
	at run.DeclinedPaymentOnBooking.runTest(DeclinedPaymentOnBooking.java:54)
	at run.DeclinedPaymentOnBooking.runTest(DeclinedPaymentOnBooking.java:54)
	at run.DeclinedPaymentOnBooking.runTest(DeclinedPaymentOnBooking.java:54)
	at run.DeclinedPaymentOnBooking.runTest(DeclinedPaymentOnBooking.java:54)
	at run.DeclinedPaymentOnBooking.runTest(DeclinedPaymentOnBooking.java:54)
	at run.DeclinedPaymentOnBooking.runTest(DeclinedPaymentOnBooking.java:54)
	at run.DeclinedPaymentOnBooking.runTest(DeclinedPaymentOnBooking.java:54)
	at run.DeclinedPaymentOnBooking.runTest(DeclinedPaymentOnBooking.java:54)
	at run.DeclinedPaymentOnBooking.runTest(DeclinedPaymentOnBooking.java:54)
	at run.DeclinedPaymentOnBooking.runTest(DeclinedPaymentOnBooking.java:54)
	at run.DeclinedPaymentOnBooking.runTest(DeclinedPaymentOnBooking.java:54)
	at run.DeclinedPaymentOnBooking.runTest(DeclinedPaymentOnBooking.java:54)
	at run.DeclinedPaymentOnBooking.runTest(DeclinedPaymentOnBooking.java:54)
	at run.DeclinedPaymentOnBooking.runTest(DeclinedPaymentOnBooking.java:54)
	at run.DeclinedPaymentOnBooking.runTest(DeclinedPaymentOnBooking.java:54)
	at run.DeclinedPaymentOnBooking.runTest(DeclinedPaymentOnBooking.java:54)
	at run.DeclinedPaymentOnBooking.runTest(DeclinedPaymentOnBooking.java:54)
	at run.DeclinedPaymentOnBooking.runTest(DeclinedPaymentOnBooking.java:54)
	at run.DeclinedPaymentOnBooking.runTest(DeclinedPaymentOnBooking.java:54)
	at run.DeclinedPaymentOnBooking.runTest(DeclinedPaymentOnBooking.java:54)
	at run.DeclinedPaymentOnBooking.runTest(DeclinedPaymentOnBooking.java:54)
	at run.DeclinedPaymentOnBooking.runTest(DeclinedPaymentOnBooking.java:54)
	at run.DeclinedPaymentOnBooking.runTest(DeclinedPaymentOnBooking.java:54)
	at run.DeclinedPaymentOnBooking.runTest(DeclinedPaymentOnBooking.java:54)
	at run.DeclinedPaymentOnBooking.runTest(DeclinedPaymentOnBooking.java:54)
	at run.DeclinedPaymentOnBooking.runTest(DeclinedPaymentOnBooking.java:54)
	at run.DeclinedPaymentOnBooking.runTest(DeclinedPaymentOnBooking.java:54)
	at run.DeclinedPaymentOnBooking.runTest(DeclinedPaymentOnBooking.java:54)
	at run.DeclinedPaymentOnBooking.runTest(DeclinedPaymentOnBooking.java:54)
	at run.DeclinedPaymentOnBooking.runTest(DeclinedPaymentOnBooking.java:54)
	at run.DeclinedPaymentOnBooking.runTest(DeclinedPaymentOnBooking.java:54)
	at run.DeclinedPaymentOnBooking.runTest(DeclinedPaymentOnBooking.java:54)
	at run.DeclinedPaymentOnBooking.runTest(DeclinedPaymentOnBooking.java:54)
	at run.DeclinedPaymentOnBooking.runTest(DeclinedPaymentOnBooking.java:54)
	at run.DeclinedPaymentOnBooking.runTest(DeclinedPaymentOnBooking.java:54)
	at run.DeclinedPaymentOnBooking.runTest(DeclinedPaymentOnBooking.java:54)
	at run.DeclinedPaymentOnBooking.runTest(DeclinedPaymentOnBooking.java:54)
	at run.DeclinedPaymentOnBooking.runTest(DeclinedPaymentOnBooking.java:54)
	at run.DeclinedPaymentOnBooking.runTest(DeclinedPaymentOnBooking.java:54)
	at run.DeclinedPaymentOnBooking.runTest(DeclinedPaymentOnBooking.java:54)
	at run.DeclinedPaymentOnBooking.runTest(DeclinedPaymentOnBooking.java:54)
	at run.DeclinedPaymentOnBooking.runTest(DeclinedPaymentOnBooking.java:54)
	at run.DeclinedPaymentOnBooking.runTest(DeclinedPaymentOnBooking.java:54)
	at run.DeclinedPaymentOnBooking.runTest(DeclinedPaymentOnBooking.java:54)
	at run.DeclinedPaymentOnBooking.runTest(DeclinedPaymentOnBooking.java:54)
	at run.DeclinedPaymentOnBooking.runTest(DeclinedPaymentOnBooking.java:54)
	at run.DeclinedPaymentOnBooking.runTest(DeclinedPaymentOnBooking.java:54)
	at run.DeclinedPaymentOnBooking.runTest(DeclinedPaymentOnBooking.java:54)
	at run.DeclinedPaymentOnBooking.runTest(DeclinedPaymentOnBooking.java:54)
	at run.DeclinedPaymentOnBooking.runTest(DeclinedPaymentOnBooking.java:54)
	at run.DeclinedPaymentOnBooking.runTest(DeclinedPaymentOnBooking.java:54)
	at run.DeclinedPaymentOnBooking.runTest(DeclinedPaymentOnBooking.java:54)
	at run.DeclinedPaymentOnBooking.runTest(DeclinedPaymentOnBooking.java:54)
	at run.DeclinedPaymentOnBooking.runTest(DeclinedPaymentOnBooking.java:54)
	at run.DeclinedPaymentOnBooking.runTest(DeclinedPaymentOnBooking.java:54)
	at run.DeclinedPaymentOnBooking.runTest(DeclinedPaymentOnBooking.java:54)
	at run.DeclinedPaymentOnBooking.runTest(DeclinedPaymentOnBooking.java:54)
	at run.DeclinedPaymentOnBooking.runTest(DeclinedPaymentOnBooking.java:54)
	at run.DeclinedPaymentOnBooking.runTest(DeclinedPaymentOnBooking.java:54)
	at run.DeclinedPaymentOnBooking.runTest(DeclinedPaymentOnBooking.java:54)
	at run.DeclinedPaymentOnBooking.runTest(DeclinedPaymentOnBooking.java:54)
	at run.DeclinedPaymentOnBooking.runTest(DeclinedPaymentOnBooking.java:54)
	at run.DeclinedPaymentOnBooking.runTest(DeclinedPaymentOnBooking.java:54)
	at run.DeclinedPaymentOnBooking.runTest(DeclinedPaymentOnBooking.java:54)
	at run.DeclinedPaymentOnBooking.runTest(DeclinedPaymentOnBooking.java:54)
	at run.DeclinedPaymentOnBooking.runTest(DeclinedPaymentOnBooking.java:54)
	at run.DeclinedPaymentOnBooking.runTest(DeclinedPaymentOnBooking.java:54)
	at run.DeclinedPaymentOnBooking.runTest(DeclinedPaymentOnBooking.java:54)
	at run.DeclinedPaymentOnBooking.runTest(DeclinedPaymentOnBooking.java:54)
	at run.DeclinedPaymentOnBooking.runTest(DeclinedPaymentOnBooking.java:54)
	at run.DeclinedPaymentOnBooking.runTest(DeclinedPaymentOnBooking.java:54)
	at run.DeclinedPaymentOnBooking.runTest(DeclinedPaymentOnBooking.java:54)
	at run.DeclinedPaymentOnBooking.runTest(DeclinedPaymentOnBooking.java:54)
	at run.DeclinedPaymentOnBooking.runTest(DeclinedPaymentOnBooking.java:54)
	at run.DeclinedPaymentOnBooking.runTest(DeclinedPaymentOnBooking.java:54)
	at run.DeclinedPaymentOnBooking.runTest(DeclinedPaymentOnBooking.java:54)
	at run.DeclinedPaymentOnBooking.runTest(DeclinedPaymentOnBooking.java:54)
	at run.DeclinedPaymentOnBooking.runTest(DeclinedPaymentOnBooking.java:54)
	at run.DeclinedPaymentOnBooking.runTest(DeclinedPaymentOnBooking.java:54)
	at run.DeclinedPaymentOnBooking.runTest(DeclinedPaymentOnBooking.java:54)
	at run.DeclinedPaymentOnBooking.runTest(DeclinedPaymentOnBooking.java:54)
	at run.DeclinedPaymentOnBooking.runTest(DeclinedPaymentOnBooking.java:54)
	at run.DeclinedPaymentOnBooking.runTest(DeclinedPaymentOnBooking.java:54)
	at run.DeclinedPaymentOnBooking.runTest(DeclinedPaymentOnBooking.java:54)
	at run.DeclinedPaymentOnBooking.runTest(DeclinedPaymentOnBooking.java:54)
	at run.DeclinedPaymentOnBooking.runTest(DeclinedPaymentOnBooking.java:54)
	at run.DeclinedPaymentOnBooking.runTest(DeclinedPaymentOnBooking.java:54)
	at run.DeclinedPaymentOnBooking.runTest(DeclinedPaymentOnBooking.java:54)
	at run.DeclinedPaymentOnBooking.runTest(DeclinedPaymentOnBooking.java:54)
	at run.DeclinedPaymentOnBooking.runTest(DeclinedPaymentOnBooking.java:54)
	at run.DeclinedPaymentOnBooking.runTest(DeclinedPaymentOnBooking.java:54)
	at run.DeclinedPaymentOnBooking.runTest(DeclinedPaymentOnBooking.java:54)
	at run.DeclinedPaymentOnBooking.runTest(DeclinedPaymentOnBooking.java:54)
	at run.DeclinedPaymentOnBooking.runTest(DeclinedPaymentOnBooking.java:54)
	at run.DeclinedPaymentOnBooking.runTest(DeclinedPaymentOnBooking.java:54)
	at run.DeclinedPaymentOnBooking.runTest(DeclinedPaymentOnBooking.java:54)
	at run.DeclinedPaymentOnBooking.runTest(DeclinedPaymentOnBooking.java:54)
	at run.DeclinedPaymentOnBooking.runTest(DeclinedPaymentOnBooking.java:54)
	at run.DeclinedPaymentOnBooking.runTest(DeclinedPaymentOnBooking.java:54)
	at run.DeclinedPaymentOnBooking.runTest(DeclinedPaymentOnBooking.java:54)
	at run.DeclinedPaymentOnBooking.runTest(DeclinedPaymentOnBooking.java:54)
	at run.DeclinedPaymentOnBooking.runTest(DeclinedPaymentOnBooking.java:54)
	at run.DeclinedPaymentOnBooking.runTest(DeclinedPaymentOnBooking.java:54)
	at run.DeclinedPaymentOnBooking.runTest(DeclinedPaymentOnBooking.java:54)
	at run.DeclinedPaymentOnBooking.runTest(DeclinedPaymentOnBooking.java:54)
	at run.DeclinedPaymentOnBooking.runTest(DeclinedPaymentOnBooking.java:54)
	at run.DeclinedPaymentOnBooking.runTest(DeclinedPaymentOnBooking.java:54)
	at run.DeclinedPaymentOnBooking.runTest(DeclinedPaymentOnBooking.java:54)
	at run.DeclinedPaymentOnBooking.runTest(DeclinedPaymentOnBooking.java:54)
	at run.DeclinedPaymentOnBooking.runTest(DeclinedPaymentOnBooking.java:54)
	at run.DeclinedPaymentOnBooking.runTest(DeclinedPaymentOnBooking.java:54)
	at run.DeclinedPaymentOnBooking.runTest(DeclinedPaymentOnBooking.java:54)
	at run.DeclinedPaymentOnBooking.runTest(DeclinedPaymentOnBooking.java:54)
	at run.DeclinedPaymentOnBooking.runTest(DeclinedPaymentOnBooking.java:54)
	at run.DeclinedPaymentOnBooking.runTest(DeclinedPaymentOnBooking.java:54)
	at run.DeclinedPaymentOnBooking.runTest(DeclinedPaymentOnBooking.java:54)
	at run.DeclinedPaymentOnBooking.runTest(DeclinedPaymentOnBooking.java:54)
	at run.DeclinedPaymentOnBooking.runTest(DeclinedPaymentOnBooking.java:54)
	at run.DeclinedPaymentOnBooking.runTest(DeclinedPaymentOnBooking.java:54)
	at run.DeclinedPaymentOnBooking.runTest(DeclinedPaymentOnBooking.java:54)
	at run.DeclinedPaymentOnBooking.runTest(DeclinedPaymentOnBooking.java:54)
	at run.DeclinedPaymentOnBooking.runTest(DeclinedPaymentOnBooking.java:54)
	at run.DeclinedPaymentOnBooking.runTest(DeclinedPaymentOnBooking.java:54)
	at run.DeclinedPaymentOnBooking.runTest(DeclinedPaymentOnBooking.java:54)
	at run.DeclinedPaymentOnBooking.runTest(DeclinedPaymentOnBooking.java:54)
	at run.DeclinedPaymentOnBooking.runTest(DeclinedPaymentOnBooking.java:54)
	at run.DeclinedPaymentOnBooking.runTest(DeclinedPaymentOnBooking.java:54)
	at run.DeclinedPaymentOnBooking.runTest(DeclinedPaymentOnBooking.java:54)
	at run.DeclinedPaymentOnBooking.runTest(DeclinedPaymentOnBooking.java:54)
	at run.DeclinedPaymentOnBooking.runTest(DeclinedPaymentOnBooking.java:54)
	at run.DeclinedPaymentOnBooking.runTest(DeclinedPaymentOnBooking.java:54)
	at run.DeclinedPaymentOnBooking.runTest(DeclinedPaymentOnBooking.java:54)
	at run.DeclinedPaymentOnBooking.runTest(DeclinedPaymentOnBooking.java:54)
	at run.DeclinedPaymentOnBooking.runTest(DeclinedPaymentOnBooking.java:54)
	at run.DeclinedPaymentOnBooking.runTest(DeclinedPaymentOnBooking.java:54)
	at run.DeclinedPaymentOnBooking.runTest(DeclinedPaymentOnBooking.java:54)
	at run.DeclinedPaymentOnBooking.runTest(DeclinedPaymentOnBooking.java:54)
	at run.DeclinedPaymentOnBooking.runTest(DeclinedPaymentOnBooking.java:54)
	at run.DeclinedPaymentOnBooking.runTest(DeclinedPaymentOnBooking.java:54)
	at run.DeclinedPaymentOnBooking.runTest(DeclinedPaymentOnBooking.java:54)
	at run.DeclinedPaymentOnBooking.runTest(DeclinedPaymentOnBooking.java:54)
	at run.DeclinedPaymentOnBooking.runTest(DeclinedPaymentOnBooking.java:54)
	at run.DeclinedPaymentOnBooking.runTest(DeclinedPaymentOnBooking.java:54)
	at run.DeclinedPaymentOnBooking.runTest(DeclinedPaymentOnBooking.java:54)
	at run.DeclinedPaymentOnBooking.runTest(DeclinedPaymentOnBooking.java:54)
	at run.DeclinedPaymentOnBooking.runTest(DeclinedPaymentOnBooking.java:54)
	at run.DeclinedPaymentOnBooking.runTest(DeclinedPaymentOnBooking.java:54)
	at run.DeclinedPaymentOnBooking.runTest(DeclinedPaymentOnBooking.java:54)
	at run.DeclinedPaymentOnBooking.runTest(DeclinedPaymentOnBooking.java:54)
	at run.DeclinedPaymentOnBooking.runTest(DeclinedPaymentOnBooking.java:54)
	at run.DeclinedPaymentOnBooking.runTest(DeclinedPaymentOnBooking.java:54)
	at run.DeclinedPaymentOnBooking.runTest(DeclinedPaymentOnBooking.java:54)
	at run.DeclinedPaymentOnBooking.runTest(DeclinedPaymentOnBooking.java:54)
	at run.DeclinedPaymentOnBooking.runTest(DeclinedPaymentOnBooking.java:54)
	at run.DeclinedPaymentOnBooking.runTest(DeclinedPaymentOnBooking.java:54)
	at run.DeclinedPaymentOnBooking.runTest(DeclinedPaymentOnBooking.java:54)
	at run.DeclinedPaymentOnBooking.runTest(DeclinedPaymentOnBooking.java:54)
	at run.DeclinedPaymentOnBooking.runTest(DeclinedPaymentOnBooking.java:54)
	at run.DeclinedPaymentOnBooking.runTest(DeclinedPaymentOnBooking.java:54)
	at run.DeclinedPaymentOnBooking.runTest(DeclinedPaymentOnBooking.java:54)
	at run.DeclinedPaymentOnBooking.runTest(DeclinedPaymentOnBooking.java:54)
	at run.DeclinedPaymentOnBooking.runTest(DeclinedPaymentOnBooking.java:54)
	at run.DeclinedPaymentOnBooking.runTest(DeclinedPaymentOnBooking.java:54)
	at run.DeclinedPaymentOnBooking.runTest(DeclinedPaymentOnBooking.java:54)
	at run.DeclinedPaymentOnBooking.runTest(DeclinedPaymentOnBooking.java:54)
	at run.DeclinedPaymentOnBooking.runTest(DeclinedPaymentOnBooking.java:54)
	at run.DeclinedPaymentOnBooking.runTest(DeclinedPaymentOnBooking.java:54)
	at run.DeclinedPaymentOnBooking.runTest(DeclinedPaymentOnBooking.java:54)
	at run.DeclinedPaymentOnBooking.runTest(DeclinedPaymentOnBooking.java:54)
	at run.DeclinedPaymentOnBooking.runTest(DeclinedPaymentOnBooking.java:54)
	at run.DeclinedPaymentOnBooking.runTest(DeclinedPaymentOnBooking.java:54)
	at run.DeclinedPaymentOnBooking.runTest(DeclinedPaymentOnBooking.java:54)
	at run.DeclinedPaymentOnBooking.runTest(DeclinedPaymentOnBooking.java:54)
	at run.DeclinedPaymentOnBooking.runTest(DeclinedPaymentOnBooking.java:54)
	at run.DeclinedPaymentOnBooking.runTest(DeclinedPaymentOnBooking.java:54)
	at run.DeclinedPaymentOnBooking.runTest(DeclinedPaymentOnBooking.java:54)
	at run.DeclinedPaymentOnBooking.runTest(DeclinedPaymentOnBooking.java:54)
	at run.DeclinedPaymentOnBooking.runTest(DeclinedPaymentOnBooking.java:54)
	at run.DeclinedPaymentOnBooking.runTest(DeclinedPaymentOnBooking.java:54)
	at run.DeclinedPaymentOnBooking.runTest(DeclinedPaymentOnBooking.java:54)
	at run.DeclinedPaymentOnBooking.runTest(DeclinedPaymentOnBooking.java:54)
	at run.DeclinedPaymentOnBooking.runTest(DeclinedPaymentOnBooking.java:54)
	at run.DeclinedPaymentOnBooking.runTest(DeclinedPaymentOnBooking.java:54)
	at run.DeclinedPaymentOnBooking.runTest(DeclinedPaymentOnBooking.java:54)
	at run.DeclinedPaymentOnBooking.runTest(DeclinedPaymentOnBooking.java:54)
	at run.DeclinedPaymentOnBooking.runTest(DeclinedPaymentOnBooking.java:54)
	at run.DeclinedPaymentOnBooking.runTest(DeclinedPaymentOnBooking.java:54)
	at run.DeclinedPaymentOnBooking.runTest(DeclinedPaymentOnBooking.java:54)
	at run.DeclinedPaymentOnBooking.runTest(DeclinedPaymentOnBooking.java:54)
	at run.DeclinedPaymentOnBooking.runTest(DeclinedPaymentOnBooking.java:54)
	at run.DeclinedPaymentOnBooking.runTest(DeclinedPaymentOnBooking.java:54)
	at run.DeclinedPaymentOnBooking.runTest(DeclinedPaymentOnBooking.java:54)
	at run.DeclinedPaymentOnBooking.runTest(DeclinedPaymentOnBooking.java:54)
	at run.DeclinedPaymentOnBooking.runTest(DeclinedPaymentOnBooking.java:54)
	at run.DeclinedPaymentOnBooking.runTest(DeclinedPaymentOnBooking.java:54)
	at run.DeclinedPaymentOnBooking.runTest(DeclinedPaymentOnBooking.java:54)
	at run.DeclinedPaymentOnBooking.runTest(DeclinedPaymentOnBooking.java:54)
	at run.DeclinedPaymentOnBooking.runTest(DeclinedPaymentOnBooking.java:54)
	at run.DeclinedPaymentOnBooking.runTest(DeclinedPaymentOnBooking.java:54)
	at run.DeclinedPaymentOnBooking.runTest(DeclinedPaymentOnBooking.java:54)
	at run.DeclinedPaymentOnBooking.runTest(DeclinedPaymentOnBooking.java:54)
	at run.DeclinedPaymentOnBooking.runTest(DeclinedPaymentOnBooking.java:54)
	at run.DeclinedPaymentOnBooking.runTest(DeclinedPaymentOnBooking.java:54)
	at run.DeclinedPaymentOnBooking.runTest(DeclinedPaymentOnBooking.java:54)
	at run.DeclinedPaymentOnBooking.runTest(DeclinedPaymentOnBooking.java:54)
	at run.DeclinedPaymentOnBooking.runTest(DeclinedPaymentOnBooking.java:54)
	at run.DeclinedPaymentOnBooking.runTest(DeclinedPaymentOnBooking.java:54)
	at run.DeclinedPaymentOnBooking.runTest(DeclinedPaymentOnBooking.java:54)
	at run.DeclinedPaymentOnBooking.runTest(DeclinedPaymentOnBooking.java:54)
	at run.DeclinedPaymentOnBooking.runTest(DeclinedPaymentOnBooking.java:54)
	at run.DeclinedPaymentOnBooking.runTest(DeclinedPaymentOnBooking.java:54)
	at run.DeclinedPaymentOnBooking.runTest(DeclinedPaymentOnBooking.java:54)
	at run.DeclinedPaymentOnBooking.runTest(DeclinedPaymentOnBooking.java:54)
	at run.DeclinedPaymentOnBooking.runTest(DeclinedPaymentOnBooking.java:54)
	at run.DeclinedPaymentOnBooking.runTest(DeclinedPaymentOnBooking.java:54)
	at run.DeclinedPaymentOnBooking.runTest(DeclinedPaymentOnBooking.java:54)
	at run.DeclinedPaymentOnBooking.runTest(DeclinedPaymentOnBooking.java:54)
	at run.DeclinedPaymentOnBooking.runTest(DeclinedPaymentOnBooking.java:54)
	at run.DeclinedPaymentOnBooking.runTest(DeclinedPaymentOnBooking.java:54)
	at run.DeclinedPaymentOnBooking.runTest(DeclinedPaymentOnBooking.java:54)
	at run.DeclinedPaymentOnBooking.runTest(DeclinedPaymentOnBooking.java:54)
	at run.DeclinedPaymentOnBooking.runTest(DeclinedPaymentOnBooking.java:54)
	at run.DeclinedPaymentOnBooking.runTest(DeclinedPaymentOnBooking.java:54)
	at run.DeclinedPaymentOnBooking.runTest(DeclinedPaymentOnBooking.java:54)
	at run.DeclinedPaymentOnBooking.runTest(DeclinedPaymentOnBooking.java:54)
	at run.DeclinedPaymentOnBooking.runTest(DeclinedPaymentOnBooking.java:54)
	at run.DeclinedPaymentOnBooking.runTest(DeclinedPaymentOnBooking.java:54)
	at run.DeclinedPaymentOnBooking.runTest(DeclinedPaymentOnBooking.java:54)
	at run.DeclinedPaymentOnBooking.runTest(DeclinedPaymentOnBooking.java:54)
	at run.DeclinedPaymentOnBooking.runTest(DeclinedPaymentOnBooking.java:54)
	at run.DeclinedPaymentOnBooking.runTest(DeclinedPaymentOnBooking.java:54)
	at run.DeclinedPaymentOnBooking.runTest(DeclinedPaymentOnBooking.java:54)
	at run.DeclinedPaymentOnBooking.runTest(DeclinedPaymentOnBooking.java:54)
	at run.DeclinedPaymentOnBooking.runTest(DeclinedPaymentOnBooking.java:54)
	at run.DeclinedPaymentOnBooking.runTest(DeclinedPaymentOnBooking.java:54)
	at run.DeclinedPaymentOnBooking.runTest(DeclinedPaymentOnBooking.java:54)
	at run.DeclinedPaymentOnBooking.runTest(DeclinedPaymentOnBooking.java:54)
	at run.DeclinedPaymentOnBooking.runTest(DeclinedPaymentOnBooking.java:54)
	at run.DeclinedPaymentOnBooking.runTest(DeclinedPaymentOnBooking.java:54)
	at run.DeclinedPaymentOnBooking.runTest(DeclinedPaymentOnBooking.java:54)
	at run.DeclinedPaymentOnBooking.runTest(DeclinedPaymentOnBooking.java:54)
	at run.DeclinedPaymentOnBooking.runTest(DeclinedPaymentOnBooking.java:54)
	at run.DeclinedPaymentOnBooking.runTest(DeclinedPaymentOnBooking.java:54)
	at run.DeclinedPaymentOnBooking.runTest(DeclinedPaymentOnBooking.java:54)
	at run.DeclinedPaymentOnBooking.runTest(DeclinedPaymentOnBooking.java:54)
	at run.DeclinedPaymentOnBooking.runTest(DeclinedPaymentOnBooking.java:54)
	at run.DeclinedPaymentOnBooking.runTest(DeclinedPaymentOnBooking.java:54)
	at run.DeclinedPaymentOnBooking.runTest(DeclinedPaymentOnBooking.java:54)
	at run.DeclinedPaymentOnBooking.runTest(DeclinedPaymentOnBooking.java:54)
	at run.DeclinedPaymentOnBooking.runTest(DeclinedPaymentOnBooking.java:54)
	at run.DeclinedPaymentOnBooking.runTest(DeclinedPaymentOnBooking.java:54)
	at run.DeclinedPaymentOnBooking.runTest(DeclinedPaymentOnBooking.java:54)
	at run.DeclinedPaymentOnBooking.runTest(DeclinedPaymentOnBooking.java:54)
	at run.DeclinedPaymentOnBooking.runTest(DeclinedPaymentOnBooking.java:54)
	at run.DeclinedPaymentOnBooking.runTest(DeclinedPaymentOnBooking.java:54)
	at run.DeclinedPaymentOnBooking.runTest(DeclinedPaymentOnBooking.java:54)
	at run.DeclinedPaymentOnBooking.runTest(DeclinedPaymentOnBooking.java:54)
	at run.DeclinedPaymentOnBooking.runTest(DeclinedPaymentOnBooking.java:54)
	at run.DeclinedPaymentOnBooking.runTest(DeclinedPaymentOnBooking.java:54)
	at run.DeclinedPaymentOnBooking.runTest(DeclinedPaymentOnBooking.java:54)
	at run.DeclinedPaymentOnBooking.runTest(DeclinedPaymentOnBooking.java:54)
	at run.DeclinedPaymentOnBooking.runTest(DeclinedPaymentOnBooking.java:54)
	at run.DeclinedPaymentOnBooking.runTest(DeclinedPaymentOnBooking.java:54)
	at run.DeclinedPaymentOnBooking.runTest(DeclinedPaymentOnBooking.java:54)
	at run.DeclinedPaymentOnBooking.runTest(DeclinedPaymentOnBooking.java:54)
	at run.DeclinedPaymentOnBooking.runTest(DeclinedPaymentOnBooking.java:54)
	at run.DeclinedPaymentOnBooking.runTest(DeclinedPaymentOnBooking.java:54)
	at run.DeclinedPaymentOnBooking.runTest(DeclinedPaymentOnBooking.java:54)
	at run.DeclinedPaymentOnBooking.runTest(DeclinedPaymentOnBooking.java:54)
	at run.DeclinedPaymentOnBooking.runTest(DeclinedPaymentOnBooking.java:54)
	at run.DeclinedPaymentOnBooking.runTest(DeclinedPaymentOnBooking.java:54)
	at run.DeclinedPaymentOnBooking.runTest(DeclinedPaymentOnBooking.java:54)
	at run.DeclinedPaymentOnBooking.runTest(DeclinedPaymentOnBooking.java:54)
	at run.DeclinedPaymentOnBooking.runTest(DeclinedPaymentOnBooking.java:54)
	at run.DeclinedPaymentOnBooking.runTest(DeclinedPaymentOnBooking.java:54)
	at run.DeclinedPaymentOnBooking.runTest(DeclinedPaymentOnBooking.java:54)
	at run.DeclinedPaymentOnBooking.runTest(DeclinedPaymentOnBooking.java:54)
	at run.DeclinedPaymentOnBooking.runTest(DeclinedPaymentOnBooking.java:54)
	at run.DeclinedPaymentOnBooking.runTest(DeclinedPaymentOnBooking.java:54)
	at run.DeclinedPaymentOnBooking.runTest(DeclinedPaymentOnBooking.java:54)
	at run.DeclinedPaymentOnBooking.runTest(DeclinedPaymentOnBooking.java:54)
	at run.DeclinedPaymentOnBooking.runTest(DeclinedPaymentOnBooking.java:54)
	at run.DeclinedPaymentOnBooking.runTest(DeclinedPaymentOnBooking.java:54)
	at run.DeclinedPaymentOnBooking.runTest(DeclinedPaymentOnBooking.java:54)
	at run.DeclinedPaymentOnBooking.runTest(DeclinedPaymentOnBooking.java:54)
	at run.DeclinedPaymentOnBooking.runTest(DeclinedPaymentOnBooking.java:54)
	at run.DeclinedPaymentOnBooking.runTest(DeclinedPaymentOnBooking.java:54)
	at run.DeclinedPaymentOnBooking.runTest(DeclinedPaymentOnBooking.java:54)
	at run.DeclinedPaymentOnBooking.runTest(DeclinedPaymentOnBooking.java:54)
	at run.DeclinedPaymentOnBooking.runTest(DeclinedPaymentOnBooking.java:54)
	at run.DeclinedPaymentOnBooking.runTest(DeclinedPaymentOnBooking.java:54)
	at run.DeclinedPaymentOnBooking.runTest(DeclinedPaymentOnBooking.java:54)
	at run.DeclinedPaymentOnBooking.runTest(DeclinedPaymentOnBooking.java:54)
	at run.DeclinedPaymentOnBooking.runTest(DeclinedPaymentOnBooking.java:54)
	at run.DeclinedPaymentOnBooking.runTest(DeclinedPaymentOnBooking.java:54)
	at run.DeclinedPaymentOnBooking.runTest(DeclinedPaymentOnBooking.java:54)
	at run.DeclinedPaymentOnBooking.runTest(DeclinedPaymentOnBooking.java:54)
	at run.DeclinedPaymentOnBooking.runTest(DeclinedPaymentOnBooking.java:54)
	at run.DeclinedPaymentOnBooking.runTest(DeclinedPaymentOnBooking.java:54)
	at run.DeclinedPaymentOnBooking.runTest(DeclinedPaymentOnBooking.java:54)
	at run.DeclinedPaymentOnBooking.runTest(DeclinedPaymentOnBooking.java:54)
	at run.DeclinedPaymentOnBooking.runTest(DeclinedPaymentOnBooking.java:54)
	at run.DeclinedPaymentOnBooking.runTest(DeclinedPaymentOnBooking.java:54)
	at run.DeclinedPaymentOnBooking.runTest(DeclinedPaymentOnBooking.java:54)
	at run.DeclinedPaymentOnBooking.runTest(DeclinedPaymentOnBooking.java:54)
	at run.DeclinedPaymentOnBooking.runTest(DeclinedPaymentOnBooking.java:54)
	at run.DeclinedPaymentOnBooking.runTest(DeclinedPaymentOnBooking.java:54)
	at run.DeclinedPaymentOnBooking.runTest(DeclinedPaymentOnBooking.java:54)
	at run.DeclinedPaymentOnBooking.runTest(DeclinedPaymentOnBooking.java:54)
	at run.DeclinedPaymentOnBooking.runTest(DeclinedPaymentOnBooking.java:54)
	at run.DeclinedPaymentOnBooking.runTest(DeclinedPaymentOnBooking.java:54)
	at run.DeclinedPaymentOnBooking.runTest(DeclinedPaymentOnBooking.java:54)
	at run.DeclinedPaymentOnBooking.runTest(DeclinedPaymentOnBooking.java:54)
	at run.DeclinedPaymentOnBooking.runTest(DeclinedPaymentOnBooking.java:54)
	at run.DeclinedPaymentOnBooking.runTest(DeclinedPaymentOnBooking.java:54)
	at run.DeclinedPaymentOnBooking.runTest(DeclinedPaymentOnBooking.java:54)
	at run.DeclinedPaymentOnBooking.runTest(DeclinedPaymentOnBooking.java:54)
	at run.DeclinedPaymentOnBooking.runTest(DeclinedPaymentOnBooking.java:54)
	at run.DeclinedPaymentOnBooking.runTest(DeclinedPaymentOnBooking.java:54)
	at run.DeclinedPaymentOnBooking.runTest(DeclinedPaymentOnBooking.java:54)
	at run.DeclinedPaymentOnBooking.runTest(DeclinedPaymentOnBooking.java:54)
	at run.DeclinedPaymentOnBooking.runTest(DeclinedPaymentOnBooking.java:54)
	at run.DeclinedPaymentOnBooking.runTest(DeclinedPaymentOnBooking.java:54)
	at run.DeclinedPaymentOnBooking.runTest(DeclinedPaymentOnBooking.java:54)
	at run.DeclinedPaymentOnBooking.runTest(DeclinedPaymentOnBooking.java:54)
	at run.DeclinedPaymentOnBooking.runTest(DeclinedPaymentOnBooking.java:54)
	at run.DeclinedPaymentOnBooking.runTest(DeclinedPaymentOnBooking.java:54)
	at run.DeclinedPaymentOnBooking.runTest(DeclinedPaymentOnBooking.java:54)
	at run.DeclinedPaymentOnBooking.runTest(DeclinedPaymentOnBooking.java:54)
	at run.DeclinedPaymentOnBooking.runTest(DeclinedPaymentOnBooking.java:54)
	at run.DeclinedPaymentOnBooking.runTest(DeclinedPaymentOnBooking.java:54)
	at run.DeclinedPaymentOnBooking.runTest(DeclinedPaymentOnBooking.java:54)
	at run.DeclinedPaymentOnBooking.runTest(DeclinedPaymentOnBooking.java:54)
	at run.DeclinedPaymentOnBooking.runTest(DeclinedPaymentOnBooking.java:54)
	at run.DeclinedPaymentOnBooking.runTest(DeclinedPaymentOnBooking.java:54)
	at run.DeclinedPaymentOnBooking.runTest(DeclinedPaymentOnBooking.java:54)
	at run.DeclinedPaymentOnBooking.runTest(DeclinedPaymentOnBooking.java:54)
	at run.DeclinedPaymentOnBooking.runTest(DeclinedPaymentOnBooking.java:54)
	at run.DeclinedPaymentOnBooking.runTest(DeclinedPaymentOnBooking.java:54)
	at run.DeclinedPaymentOnBooking.runTest(DeclinedPaymentOnBooking.java:54)
	at run.DeclinedPaymentOnBooking.runTest(DeclinedPaymentOnBooking.java:54)
	at run.DeclinedPaymentOnBooking.runTest(DeclinedPaymentOnBooking.java:54)
	at run.DeclinedPaymentOnBooking.runTest(DeclinedPaymentOnBooking.java:54)
	at run.DeclinedPaymentOnBooking.runTest(DeclinedPaymentOnBooking.java:54)
	at run.DeclinedPaymentOnBooking.runTest(DeclinedPaymentOnBooking.java:54)
	at run.DeclinedPaymentOnBooking.runTest(DeclinedPaymentOnBooking.java:54)
	at run.DeclinedPaymentOnBooking.runTest(DeclinedPaymentOnBooking.java:54)
	at run.DeclinedPaymentOnBooking.runTest(DeclinedPaymentOnBooking.java:54)
	at run.DeclinedPaymentOnBooking.runTest(DeclinedPaymentOnBooking.java:54)
	at run.DeclinedPaymentOnBooking.runTest(DeclinedPaymentOnBooking.java:54)
	at run.DeclinedPaymentOnBooking.runTest(DeclinedPaymentOnBooking.java:54)
	at run.DeclinedPaymentOnBooking.runTest(DeclinedPaymentOnBooking.java:54)
	at run.DeclinedPaymentOnBooking.runTest(DeclinedPaymentOnBooking.java:54)
	at run.DeclinedPaymentOnBooking.runTest(DeclinedPaymentOnBooking.java:54)
	at run.DeclinedPaymentOnBooking.runTest(DeclinedPaymentOnBooking.java:54)
	at run.DeclinedPaymentOnBooking.runTest(DeclinedPaymentOnBooking.java:54)
	at run.DeclinedPaymentOnBooking.runTest(DeclinedPaymentOnBooking.java:54)
	at run.DeclinedPaymentOnBooking.runTest(DeclinedPaymentOnBooking.java:54)
	at run.DeclinedPaymentOnBooking.runTest(DeclinedPaymentOnBooking.java:54)
	at run.DeclinedPaymentOnBooking.runTest(DeclinedPaymentOnBooking.java:54)
	at run.DeclinedPaymentOnBooking.runTest(DeclinedPaymentOnBooking.java:54)
	at run.DeclinedPaymentOnBooking.runTest(DeclinedPaymentOnBooking.java:54)
	at run.DeclinedPaymentOnBooking.runTest(DeclinedPaymentOnBooking.java:54)
	at run.DeclinedPaymentOnBooking.runTest(DeclinedPaymentOnBooking.java:54)
	at run.DeclinedPaymentOnBooking.runTest(DeclinedPaymentOnBooking.java:54)
	at run.DeclinedPaymentOnBooking.runTest(DeclinedPaymentOnBooking.java:54)
	at run.DeclinedPaymentOnBooking.runTest(DeclinedPaymentOnBooking.java:54)
	at run.DeclinedPaymentOnBooking.runTest(DeclinedPaymentOnBooking.java:54)
	at run.DeclinedPaymentOnBooking.runTest(DeclinedPaymentOnBooking.java:54)
	at run.DeclinedPaymentOnBooking.runTest(DeclinedPaymentOnBooking.java:54)
	at run.DeclinedPaymentOnBooking.runTest(DeclinedPaymentOnBooking.java:54)
	at run.DeclinedPaymentOnBooking.runTest(DeclinedPaymentOnBooking.java:54)
	at run.DeclinedPaymentOnBooking.runTest(DeclinedPaymentOnBooking.java:54)
	at run.DeclinedPaymentOnBooking.runTest(DeclinedPaymentOnBooking.java:54)
	at run.DeclinedPaymentOnBooking.runTest(DeclinedPaymentOnBooking.java:54)
	at run.DeclinedPaymentOnBooking.runTest(DeclinedPaymentOnBooking.java:54)
	at run.DeclinedPaymentOnBooking.runTest(DeclinedPaymentOnBooking.java:54)
	at run.DeclinedPaymentOnBooking.runTest(DeclinedPaymentOnBooking.java:54)
	at run.DeclinedPaymentOnBooking.runTest(DeclinedPaymentOnBooking.java:54)
	at run.DeclinedPaymentOnBooking.runTest(DeclinedPaymentOnBooking.java:54)
	at run.DeclinedPaymentOnBooking.runTest(DeclinedPaymentOnBooking.java:54)
	at run.DeclinedPaymentOnBooking.runTest(DeclinedPaymentOnBooking.java:54)
	at run.DeclinedPaymentOnBooking.runTest(DeclinedPaymentOnBooking.java:54)
	at run.DeclinedPaymentOnBooking.runTest(DeclinedPaymentOnBooking.java:54)
	at run.DeclinedPaymentOnBooking.runTest(DeclinedPaymentOnBooking.java:54)
	at run.DeclinedPaymentOnBooking.runTest(DeclinedPaymentOnBooking.java:54)
	at run.DeclinedPaymentOnBooking.runTest(DeclinedPaymentOnBooking.java:54)
	at run.DeclinedPaymentOnBooking.runTest(DeclinedPaymentOnBooking.java:54)
	at run.DeclinedPaymentOnBooking.runTest(DeclinedPaymentOnBooking.java:54)
	at run.DeclinedPaymentOnBooking.runTest(DeclinedPaymentOnBooking.java:54)
	at run.DeclinedPaymentOnBooking.runTest(DeclinedPaymentOnBooking.java:54)
	at run.DeclinedPaymentOnBooking.runTest(DeclinedPaymentOnBooking.java:54)
	at run.DeclinedPaymentOnBooking.runTest(DeclinedPaymentOnBooking.java:54)
	at run.DeclinedPaymentOnBooking.runTest(DeclinedPaymentOnBooking.java:54)
	at run.DeclinedPaymentOnBooking.runTest(DeclinedPaymentOnBooking.java:54)
	at run.DeclinedPaymentOnBooking.runTest(DeclinedPaymentOnBooking.java:54)
	at run.DeclinedPaymentOnBooking.runTest(DeclinedPaymentOnBooking.java:54)
	at run.DeclinedPaymentOnBooking.runTest(DeclinedPaymentOnBooking.java:54)
	at run.DeclinedPaymentOnBooking.runTest(DeclinedPaymentOnBooking.java:54)
	at run.DeclinedPaymentOnBooking.runTest(DeclinedPaymentOnBooking.java:54)
	at run.DeclinedPaymentOnBooking.runTest(DeclinedPaymentOnBooking.java:54)
	at run.DeclinedPaymentOnBooking.runTest(DeclinedPaymentOnBooking.java:54)
	at run.DeclinedPaymentOnBooking.runTest(DeclinedPaymentOnBooking.java:54)
	at run.DeclinedPaymentOnBooking.runTest(DeclinedPaymentOnBooking.java:54)
	at run.DeclinedPaymentOnBooking.runTest(DeclinedPaymentOnBooking.java:54)
	at run.DeclinedPaymentOnBooking.runTest(DeclinedPaymentOnBooking.java:54)
	at run.DeclinedPaymentOnBooking.runTest(DeclinedPaymentOnBooking.java:54)
	at run.DeclinedPaymentOnBooking.runTest(DeclinedPaymentOnBooking.java:54)
	at run.DeclinedPaymentOnBooking.runTest(DeclinedPaymentOnBooking.java:54)
	at run.DeclinedPaymentOnBooking.runTest(DeclinedPaymentOnBooking.java:54)
	at run.DeclinedPaymentOnBooking.runTest(DeclinedPaymentOnBooking.java:54)
	at run.DeclinedPaymentOnBooking.runTest(DeclinedPaymentOnBooking.java:54)
	at run.DeclinedPaymentOnBooking.runTest(DeclinedPaymentOnBooking.java:54)
	at run.DeclinedPaymentOnBooking.runTest(DeclinedPaymentOnBooking.java:54)
	at run.DeclinedPaymentOnBooking.runTest(DeclinedPaymentOnBooking.java:54)
	at run.DeclinedPaymentOnBooking.runTest(DeclinedPaymentOnBooking.java:54)
	at run.DeclinedPaymentOnBooking.runTest(DeclinedPaymentOnBooking.java:54)
	at run.DeclinedPaymentOnBooking.runTest(DeclinedPaymentOnBooking.java:54)
	at run.DeclinedPaymentOnBooking.runTest(DeclinedPaymentOnBooking.java:54)
	at run.DeclinedPaymentOnBooking.runTest(DeclinedPaymentOnBooking.java:54)
	at run.DeclinedPaymentOnBooking.runTest(DeclinedPaymentOnBooking.java:54)
	at run.DeclinedPaymentOnBooking.runTest(DeclinedPaymentOnBooking.java:54)
	at run.DeclinedPaymentOnBooking.runTest(DeclinedPaymentOnBooking.java:54)
	at run.DeclinedPaymentOnBooking.runTest(DeclinedPaymentOnBooking.java:54)
	at run.DeclinedPaymentOnBooking.runTest(DeclinedPaymentOnBooking.java:54)
	at run.DeclinedPaymentOnBooking.runTest(DeclinedPaymentOnBooking.java:54)
	at run.DeclinedPaymentOnBooking.runTest(DeclinedPaymentOnBooking.java:54)
	at run.DeclinedPaymentOnBooking.runTest(DeclinedPaymentOnBooking.java:54)
	at run.DeclinedPaymentOnBooking.runTest(DeclinedPaymentOnBooking.java:54)
	at run.DeclinedPaymentOnBooking.runTest(DeclinedPaymentOnBooking.java:54)
	at run.DeclinedPaymentOnBooking.runTest(DeclinedPaymentOnBooking.java:54)
	at run.DeclinedPaymentOnBooking.runTest(DeclinedPaymentOnBooking.java:54)
	at run.DeclinedPaymentOnBooking.runTest(DeclinedPaymentOnBooking.java:54)
	at run.DeclinedPaymentOnBooking.runTest(DeclinedPaymentOnBooking.java:54)
	at run.DeclinedPaymentOnBooking.runTest(DeclinedPaymentOnBooking.java:54)
	at run.DeclinedPaymentOnBooking.runTest(DeclinedPaymentOnBooking.java:54)
	at run.DeclinedPaymentOnBooking.runTest(DeclinedPaymentOnBooking.java:54)
	at run.DeclinedPaymentOnBooking.runTest(DeclinedPaymentOnBooking.java:54)
	at run.DeclinedPaymentOnBooking.runTest(DeclinedPaymentOnBooking.java:54)
	at run.DeclinedPaymentOnBooking.runTest(DeclinedPaymentOnBooking.java:54)
	at run.DeclinedPaymentOnBooking.runTest(DeclinedPaymentOnBooking.java:54)
	at run.DeclinedPaymentOnBooking.runTest(DeclinedPaymentOnBooking.java:54)
	at run.DeclinedPaymentOnBooking.runTest(DeclinedPaymentOnBooking.java:54)
	at run.DeclinedPaymentOnBooking.runTest(DeclinedPaymentOnBooking.java:54)
	at run.DeclinedPaymentOnBooking.runTest(DeclinedPaymentOnBooking.java:54)
	at run.DeclinedPaymentOnBooking.runTest(DeclinedPaymentOnBooking.java:54)
	at run.DeclinedPaymentOnBooking.runTest(DeclinedPaymentOnBooking.java:54)
	at run.DeclinedPaymentOnBooking.runTest(DeclinedPaymentOnBooking.java:54)
	at run.DeclinedPaymentOnBooking.runTest(DeclinedPaymentOnBooking.java:54)
	at run.DeclinedPaymentOnBooking.runTest(DeclinedPaymentOnBooking.java:54)
	at run.DeclinedPaymentOnBooking.runTest(DeclinedPaymentOnBooking.java:54)
	at run.DeclinedPaymentOnBooking.runTest(DeclinedPaymentOnBooking.java:54)
	at run.DeclinedPaymentOnBooking.runTest(DeclinedPaymentOnBooking.java:54)
	at run.DeclinedPaymentOnBooking.runTest(DeclinedPaymentOnBooking.java:54)
	at run.DeclinedPaymentOnBooking.runTest(DeclinedPaymentOnBooking.java:54)
	at run.DeclinedPaymentOnBooking.runTest(DeclinedPaymentOnBooking.java:54)
	at run.DeclinedPaymentOnBooking.runTest(DeclinedPaymentOnBooking.java:54)
	at run.DeclinedPaymentOnBooking.runTest(DeclinedPaymentOnBooking.java:54)
	at run.DeclinedPaymentOnBooking.runTest(DeclinedPaymentOnBooking.java:54)
	at run.DeclinedPaymentOnBooking.runTest(DeclinedPaymentOnBooking.java:54)
	at run.DeclinedPaymentOnBooking.runTest(DeclinedPaymentOnBooking.java:54)
	at run.DeclinedPaymentOnBooking.runTest(DeclinedPaymentOnBooking.java:54)
	at run.DeclinedPaymentOnBooking.runTest(DeclinedPaymentOnBooking.java:54)
	at run.DeclinedPaymentOnBooking.runTest(DeclinedPaymentOnBooking.java:54)
	at run.DeclinedPaymentOnBooking.runTest(DeclinedPaymentOnBooking.java:54)
	at run.DeclinedPaymentOnBooking.runTest(DeclinedPaymentOnBooking.java:54)
	at run.DeclinedPaymentOnBooking.runTest(DeclinedPaymentOnBooking.java:54)
	at run.DeclinedPaymentOnBooking.runTest(DeclinedPaymentOnBooking.java:54)
	at run.DeclinedPaymentOnBooking.runTest(DeclinedPaymentOnBooking.java:54)
	at run.DeclinedPaymentOnBooking.runTest(DeclinedPaymentOnBooking.java:54)
	at run.DeclinedPaymentOnBooking.runTest(DeclinedPaymentOnBooking.java:54)
	at run.DeclinedPaymentOnBooking.runTest(DeclinedPaymentOnBooking.java:54)
	at run.DeclinedPaymentOnBooking.runTest(DeclinedPaymentOnBooking.java:54)
	at run.DeclinedPaymentOnBooking.runTest(DeclinedPaymentOnBooking.java:54)
	at run.DeclinedPaymentOnBooking.runTest(DeclinedPaymentOnBooking.java:54)
	at run.DeclinedPaymentOnBooking.runTest(DeclinedPaymentOnBooking.java:54)
	at run.DeclinedPaymentOnBooking.runTest(DeclinedPaymentOnBooking.java:54)
	at run.DeclinedPaymentOnBooking.runTest(DeclinedPaymentOnBooking.java:54)
	at run.DeclinedPaymentOnBooking.runTest(DeclinedPaymentOnBooking.java:54)
	at run.DeclinedPaymentOnBooking.runTest(DeclinedPaymentOnBooking.java:54)
	at run.DeclinedPaymentOnBooking.runTest(DeclinedPaymentOnBooking.java:54)
	at run.DeclinedPaymentOnBooking.runTest(DeclinedPaymentOnBooking.java:54)
	at run.DeclinedPaymentOnBooking.runTest(DeclinedPaymentOnBooking.java:54)
	at run.DeclinedPaymentOnBooking.runTest(DeclinedPaymentOnBooking.java:54)
	at run.DeclinedPaymentOnBooking.runTest(DeclinedPaymentOnBooking.java:54)
]]>
    </error>
  </testcase> <!-- runTest -->
  <testcase name="afterMethod" time="2.404" classname="run.DeclinedPaymentOnBooking">
    <error type="org.openqa.selenium.WebDriverException" message="chrome not reachable
  (Session info: chrome=63.0.3239.132)
  (Driver info: chromedriver=2.34.522940 (1a76f96f66e3ca7b8e57d503b4dd3bccfba87af1),platform=Windows NT 6.1.7601 SP1 x86_64) (WARNING: The server did not provide any stacktrace information)
Command duration or timeout: 2.03 seconds
Build info: version: &#039;unknown&#039;, revision: &#039;unknown&#039;, time: &#039;unknown&#039;
System info: host: &#039;ESMDLT0040&#039;, ip: &#039;192.168.10.220&#039;, os.name: &#039;Windows 7&#039;, os.arch: &#039;amd64&#039;, os.version: &#039;6.1&#039;, java.version: &#039;1.8.0_121&#039;
Driver info: org.openqa.selenium.chrome.ChromeDriver
Capabilities [{applicationCacheEnabled=false, rotatable=false, mobileEmulationEnabled=false, networkConnectionEnabled=false, chrome={chromedriverVersion=2.34.522940 (1a76f96f66e3ca7b8e57d503b4dd3bccfba87af1), userDataDir=C:\Users\ALBERT~1.HER\AppData\Local\Temp\scoped_dir10540_30061}, takesHeapSnapshot=true, pageLoadStrategy=normal, databaseEnabled=false, handlesAlerts=true, hasTouchScreen=false, version=63.0.3239.132, platform=XP, browserConnectionEnabled=false, nativeEvents=true, acceptSslCerts=true, locationContextEnabled=true, webStorageEnabled=true, browserName=chrome, takesScreenshot=true, javascriptEnabled=true, cssSelectorsEnabled=true, setWindowRect=true, unexpectedAlertBehaviour=}]
Session ID: 5a72ad563ce3729a739c426ff57c809b">
      <![CDATA[org.openqa.selenium.WebDriverException: chrome not reachable
  (Session info: chrome=63.0.3239.132)
  (Driver info: chromedriver=2.34.522940 (1a76f96f66e3ca7b8e57d503b4dd3bccfba87af1),platform=Windows NT 6.1.7601 SP1 x86_64) (WARNING: The server did not provide any stacktrace information)
Command duration or timeout: 2.03 seconds
Build info: version: 'unknown', revision: 'unknown', time: 'unknown'
System info: host: 'ESMDLT0040', ip: '192.168.10.220', os.name: 'Windows 7', os.arch: 'amd64', os.version: '6.1', java.version: '1.8.0_121'
Driver info: org.openqa.selenium.chrome.ChromeDriver
Capabilities [{applicationCacheEnabled=false, rotatable=false, mobileEmulationEnabled=false, networkConnectionEnabled=false, chrome={chromedriverVersion=2.34.522940 (1a76f96f66e3ca7b8e57d503b4dd3bccfba87af1), userDataDir=C:\Users\ALBERT~1.HER\AppData\Local\Temp\scoped_dir10540_30061}, takesHeapSnapshot=true, pageLoadStrategy=normal, databaseEnabled=false, handlesAlerts=true, hasTouchScreen=false, version=63.0.3239.132, platform=XP, browserConnectionEnabled=false, nativeEvents=true, acceptSslCerts=true, locationContextEnabled=true, webStorageEnabled=true, browserName=chrome, takesScreenshot=true, javascriptEnabled=true, cssSelectorsEnabled=true, setWindowRect=true, unexpectedAlertBehaviour=}]
Session ID: 5a72ad563ce3729a739c426ff57c809b
	at sun.reflect.NativeConstructorAccessorImpl.newInstance0(Native Method)
	at sun.reflect.NativeConstructorAccessorImpl.newInstance(NativeConstructorAccessorImpl.java:62)
	at sun.reflect.DelegatingConstructorAccessorImpl.newInstance(DelegatingConstructorAccessorImpl.java:45)
	at java.lang.reflect.Constructor.newInstance(Constructor.java:423)
	at org.openqa.selenium.remote.ErrorHandler.createThrowable(ErrorHandler.java:215)
	at org.openqa.selenium.remote.ErrorHandler.throwIfResponseFailed(ErrorHandler.java:167)
	at org.openqa.selenium.remote.RemoteWebDriver.execute(RemoteWebDriver.java:671)
	at org.openqa.selenium.remote.RemoteWebDriver.execute(RemoteWebDriver.java:694)
	at org.openqa.selenium.remote.RemoteWebDriver.close(RemoteWebDriver.java:523)
	at run.DeclinedPaymentOnBooking.afterMethod(DeclinedPaymentOnBooking.java:65)
	at sun.reflect.NativeMethodAccessorImpl.invoke0(Native Method)
	at sun.reflect.NativeMethodAccessorImpl.invoke(NativeMethodAccessorImpl.java:62)
	at sun.reflect.DelegatingMethodAccessorImpl.invoke(DelegatingMethodAccessorImpl.java:43)
	at java.lang.reflect.Method.invoke(Method.java:498)
	at org.testng.internal.MethodInvocationHelper.invokeMethod(MethodInvocationHelper.java:108)
	at org.testng.internal.Invoker.invokeConfigurationMethod(Invoker.java:523)
	at org.testng.internal.Invoker.invokeConfigurations(Invoker.java:224)
	at org.testng.internal.Invoker.invokeMethod(Invoker.java:723)
	at org.testng.internal.Invoker.invokeTestMethod(Invoker.java:869)
	at org.testng.internal.Invoker.invokeTestMethods(Invoker.java:1193)
	at org.testng.internal.TestMethodWorker.invokeTestMethods(TestMethodWorker.java:126)
	at org.testng.internal.TestMethodWorker.run(TestMethodWorker.java:109)
	at org.testng.TestRunner.privateRun(TestRunner.java:744)
	at org.testng.TestRunner.run(TestRunner.java:602)
	at org.testng.SuiteRunner.runTest(SuiteRunner.java:380)
	at org.testng.SuiteRunner.runSequentially(SuiteRunner.java:375)
	at org.testng.SuiteRunner.privateRun(SuiteRunner.java:340)
	at org.testng.SuiteRunner.run(SuiteRunner.java:289)
	at org.testng.SuiteRunnerWorker.runSuite(SuiteRunnerWorker.java:52)
	at org.testng.SuiteRunnerWorker.run(SuiteRunnerWorker.java:86)
	at org.testng.TestNG.runSuitesSequentially(TestNG.java:1301)
	at org.testng.TestNG.runSuitesLocally(TestNG.java:1226)
	at org.testng.TestNG.runSuites(TestNG.java:1144)
	at org.testng.TestNG.run(TestNG.java:1115)
	at org.testng.remote.AbstractRemoteTestNG.run(AbstractRemoteTestNG.java:132)
	at org.testng.remote.RemoteTestNG.initAndRun(RemoteTestNG.java:230)
	at org.testng.remote.RemoteTestNG.main(RemoteTestNG.java:76)
]]>
    </error>
  </testcase> <!-- afterMethod -->
</testsuite> <!-- run.DeclinedPaymentOnBooking -->
